{"/Users/larrygoddard/Projects/klassiProjects/klassijs-a11y-validator/index.js": {"path":"/Users/larrygoddard/Projects/klassiProjects/klassijs-a11y-validator/index.js","statementMap":{"0":{"start":{"line":1,"column":13},"end":{"line":1,"column":28}},"1":{"start":{"line":2,"column":11},"end":{"line":2,"column":24}},"2":{"start":{"line":4,"column":98},"end":{"line":4,"column":131}},"3":{"start":{"line":5,"column":37},"end":{"line":5,"column":64}},"4":{"start":{"line":6,"column":21},"end":{"line":6,"column":48}},"5":{"start":{"line":8,"column":26},"end":{"line":8,"column":78}},"6":{"start":{"line":9,"column":0},"end":{"line":13,"column":45}},"7":{"start":{"line":10,"column":16},"end":{"line":10,"column":18}},"8":{"start":{"line":11,"column":2},"end":{"line":11,"column":55}},"9":{"start":{"line":12,"column":2},"end":{"line":12,"column":41}},"10":{"start":{"line":13,"column":7},"end":{"line":13,"column":45}},"11":{"start":{"line":26,"column":16},"end":{"line":26,"column":76}},"12":{"start":{"line":27,"column":22},"end":{"line":27,"column":83}},"13":{"start":{"line":30,"column":2},"end":{"line":30,"column":48}},"14":{"start":{"line":31,"column":2},"end":{"line":31,"column":34}},"15":{"start":{"line":75,"column":6},"end":{"line":75,"column":13}},"16":{"start":{"line":77,"column":2},"end":{"line":79,"column":3}},"17":{"start":{"line":78,"column":4},"end":{"line":78,"column":52}},"18":{"start":{"line":81,"column":2},"end":{"line":83,"column":3}},"19":{"start":{"line":82,"column":4},"end":{"line":82,"column":118}},"20":{"start":{"line":85,"column":2},"end":{"line":85,"column":68}},"21":{"start":{"line":88,"column":2},"end":{"line":88,"column":21}},"22":{"start":{"line":91,"column":25},"end":{"line":91,"column":35}},"23":{"start":{"line":94,"column":22},"end":{"line":101,"column":4}},"24":{"start":{"line":104,"column":23},"end":{"line":104,"column":33}},"25":{"start":{"line":105,"column":26},"end":{"line":105,"column":55}},"26":{"start":{"line":108,"column":25},"end":{"line":120,"column":3}},"27":{"start":{"line":109,"column":25},"end":{"line":109,"column":46}},"28":{"start":{"line":110,"column":18},"end":{"line":110,"column":49}},"29":{"start":{"line":111,"column":20},"end":{"line":111,"column":58}},"30":{"start":{"line":112,"column":20},"end":{"line":112,"column":37}},"31":{"start":{"line":114,"column":18},"end":{"line":114,"column":20}},"32":{"start":{"line":115,"column":4},"end":{"line":115,"column":43}},"33":{"start":{"line":115,"column":19},"end":{"line":115,"column":43}},"34":{"start":{"line":116,"column":4},"end":{"line":116,"column":47}},"35":{"start":{"line":116,"column":21},"end":{"line":116,"column":47}},"36":{"start":{"line":117,"column":4},"end":{"line":117,"column":69}},"37":{"start":{"line":117,"column":43},"end":{"line":117,"column":69}},"38":{"start":{"line":119,"column":4},"end":{"line":119,"column":27}},"39":{"start":{"line":122,"column":24},"end":{"line":122,"column":55}},"40":{"start":{"line":124,"column":66},"end":{"line":124,"column":77}},"41":{"start":{"line":126,"column":2},"end":{"line":136,"column":3}},"42":{"start":{"line":127,"column":4},"end":{"line":127,"column":102}},"43":{"start":{"line":128,"column":4},"end":{"line":135,"column":6}},"44":{"start":{"line":139,"column":27},"end":{"line":260,"column":3}},"45":{"start":{"line":140,"column":4},"end":{"line":259,"column":5}},"46":{"start":{"line":141,"column":25},"end":{"line":141,"column":61}},"47":{"start":{"line":142,"column":25},"end":{"line":142,"column":48}},"48":{"start":{"line":145,"column":6},"end":{"line":147,"column":7}},"49":{"start":{"line":146,"column":8},"end":{"line":146,"column":54}},"50":{"start":{"line":149,"column":24},"end":{"line":149,"column":40}},"51":{"start":{"line":150,"column":27},"end":{"line":150,"column":59}},"52":{"start":{"line":153,"column":26},"end":{"line":153,"column":62}},"53":{"start":{"line":154,"column":26},"end":{"line":162,"column":7}},"54":{"start":{"line":164,"column":6},"end":{"line":164,"column":83}},"55":{"start":{"line":165,"column":6},"end":{"line":165,"column":65}},"56":{"start":{"line":168,"column":27},"end":{"line":168,"column":62}},"57":{"start":{"line":169,"column":28},"end":{"line":169,"column":54}},"58":{"start":{"line":170,"column":6},"end":{"line":170,"column":46}},"59":{"start":{"line":171,"column":6},"end":{"line":171,"column":69}},"60":{"start":{"line":172,"column":6},"end":{"line":172,"column":78}},"61":{"start":{"line":173,"column":6},"end":{"line":173,"column":49}},"62":{"start":{"line":176,"column":6},"end":{"line":176,"column":73}},"63":{"start":{"line":177,"column":6},"end":{"line":177,"column":47}},"64":{"start":{"line":178,"column":6},"end":{"line":180,"column":9}},"65":{"start":{"line":179,"column":8},"end":{"line":179,"column":86}},"66":{"start":{"line":182,"column":6},"end":{"line":182,"column":51}},"67":{"start":{"line":183,"column":6},"end":{"line":183,"column":45}},"68":{"start":{"line":184,"column":6},"end":{"line":184,"column":49}},"69":{"start":{"line":187,"column":6},"end":{"line":194,"column":9}},"70":{"start":{"line":187,"column":47},"end":{"line":187,"column":72}},"71":{"start":{"line":188,"column":8},"end":{"line":188,"column":85}},"72":{"start":{"line":189,"column":8},"end":{"line":189,"column":49}},"73":{"start":{"line":190,"column":8},"end":{"line":192,"column":11}},"74":{"start":{"line":191,"column":10},"end":{"line":191,"column":90}},"75":{"start":{"line":193,"column":8},"end":{"line":193,"column":32}},"76":{"start":{"line":196,"column":6},"end":{"line":196,"column":63}},"77":{"start":{"line":197,"column":6},"end":{"line":197,"column":64}},"78":{"start":{"line":200,"column":30},"end":{"line":200,"column":66}},"79":{"start":{"line":201,"column":24},"end":{"line":233,"column":31}},"80":{"start":{"line":235,"column":6},"end":{"line":240,"column":9}},"81":{"start":{"line":236,"column":8},"end":{"line":239,"column":19}},"82":{"start":{"line":242,"column":6},"end":{"line":246,"column":9}},"83":{"start":{"line":248,"column":6},"end":{"line":248,"column":62}},"84":{"start":{"line":249,"column":6},"end":{"line":249,"column":68}},"85":{"start":{"line":251,"column":6},"end":{"line":255,"column":8}},"86":{"start":{"line":257,"column":6},"end":{"line":257,"column":68}},"87":{"start":{"line":258,"column":6},"end":{"line":258,"column":18}},"88":{"start":{"line":263,"column":2},"end":{"line":331,"column":3}},"89":{"start":{"line":265,"column":4},"end":{"line":265,"column":29}},"90":{"start":{"line":268,"column":30},"end":{"line":271,"column":6}},"91":{"start":{"line":269,"column":23},"end":{"line":269,"column":35}},"92":{"start":{"line":270,"column":6},"end":{"line":270,"column":64}},"93":{"start":{"line":273,"column":33},"end":{"line":276,"column":6}},"94":{"start":{"line":274,"column":23},"end":{"line":274,"column":35}},"95":{"start":{"line":275,"column":6},"end":{"line":275,"column":67}},"96":{"start":{"line":278,"column":26},"end":{"line":281,"column":9}},"97":{"start":{"line":279,"column":23},"end":{"line":279,"column":35}},"98":{"start":{"line":280,"column":6},"end":{"line":280,"column":53}},"99":{"start":{"line":283,"column":21},"end":{"line":283,"column":87}},"100":{"start":{"line":283,"column":60},"end":{"line":283,"column":84}},"101":{"start":{"line":285,"column":4},"end":{"line":285,"column":40}},"102":{"start":{"line":286,"column":4},"end":{"line":286,"column":45}},"103":{"start":{"line":287,"column":4},"end":{"line":287,"column":38}},"104":{"start":{"line":288,"column":4},"end":{"line":288,"column":38}},"105":{"start":{"line":289,"column":4},"end":{"line":289,"column":69}},"106":{"start":{"line":290,"column":4},"end":{"line":290,"column":47}},"107":{"start":{"line":291,"column":4},"end":{"line":291,"column":53}},"108":{"start":{"line":293,"column":4},"end":{"line":298,"column":5}},"109":{"start":{"line":294,"column":6},"end":{"line":294,"column":40}},"110":{"start":{"line":295,"column":6},"end":{"line":297,"column":9}},"111":{"start":{"line":295,"column":47},"end":{"line":295,"column":72}},"112":{"start":{"line":296,"column":8},"end":{"line":296,"column":78}},"113":{"start":{"line":300,"column":4},"end":{"line":300,"column":42}},"114":{"start":{"line":301,"column":4},"end":{"line":301,"column":71}},"115":{"start":{"line":302,"column":4},"end":{"line":302,"column":90}},"116":{"start":{"line":303,"column":4},"end":{"line":303,"column":73}},"117":{"start":{"line":305,"column":4},"end":{"line":305,"column":40}},"118":{"start":{"line":306,"column":4},"end":{"line":306,"column":66}},"119":{"start":{"line":307,"column":4},"end":{"line":307,"column":53}},"120":{"start":{"line":308,"column":4},"end":{"line":308,"column":55}},"121":{"start":{"line":309,"column":4},"end":{"line":309,"column":46}},"122":{"start":{"line":310,"column":4},"end":{"line":310,"column":40}},"123":{"start":{"line":312,"column":6},"end":{"line":330,"column":8}},"124":{"start":{"line":317,"column":41},"end":{"line":322,"column":9}},"125":{"start":{"line":334,"column":22},"end":{"line":336,"column":27}},"126":{"start":{"line":338,"column":23},"end":{"line":338,"column":58}},"127":{"start":{"line":340,"column":2},"end":{"line":340,"column":38}},"128":{"start":{"line":341,"column":2},"end":{"line":341,"column":49}},"129":{"start":{"line":342,"column":2},"end":{"line":342,"column":36}},"130":{"start":{"line":343,"column":2},"end":{"line":343,"column":67}},"131":{"start":{"line":344,"column":2},"end":{"line":349,"column":3}},"132":{"start":{"line":345,"column":4},"end":{"line":345,"column":96}},"133":{"start":{"line":346,"column":4},"end":{"line":346,"column":64}},"134":{"start":{"line":348,"column":4},"end":{"line":348,"column":94}},"135":{"start":{"line":350,"column":2},"end":{"line":350,"column":36}},"136":{"start":{"line":351,"column":2},"end":{"line":351,"column":51}},"137":{"start":{"line":354,"column":2},"end":{"line":359,"column":3}},"138":{"start":{"line":355,"column":4},"end":{"line":355,"column":38}},"139":{"start":{"line":356,"column":4},"end":{"line":358,"column":7}},"140":{"start":{"line":356,"column":45},"end":{"line":356,"column":70}},"141":{"start":{"line":357,"column":6},"end":{"line":357,"column":76}},"142":{"start":{"line":361,"column":2},"end":{"line":361,"column":38}},"143":{"start":{"line":363,"column":18},"end":{"line":374,"column":3}},"144":{"start":{"line":377,"column":2},"end":{"line":381,"column":3}},"145":{"start":{"line":378,"column":4},"end":{"line":378,"column":117}},"146":{"start":{"line":380,"column":4},"end":{"line":380,"column":77}},"147":{"start":{"line":383,"column":2},"end":{"line":477,"column":3}},"148":{"start":{"line":383,"column":15},"end":{"line":383,"column":16}},"149":{"start":{"line":384,"column":20},"end":{"line":384,"column":37}},"150":{"start":{"line":385,"column":4},"end":{"line":476,"column":5}},"151":{"start":{"line":386,"column":6},"end":{"line":386,"column":68}},"152":{"start":{"line":389,"column":6},"end":{"line":389,"column":40}},"153":{"start":{"line":392,"column":6},"end":{"line":401,"column":8}},"154":{"start":{"line":394,"column":29},"end":{"line":394,"column":84}},"155":{"start":{"line":394,"column":64},"end":{"line":394,"column":83}},"156":{"start":{"line":395,"column":10},"end":{"line":395,"column":43}},"157":{"start":{"line":404,"column":6},"end":{"line":404,"column":38}},"158":{"start":{"line":407,"column":6},"end":{"line":424,"column":7}},"159":{"start":{"line":408,"column":30},"end":{"line":408,"column":69}},"160":{"start":{"line":409,"column":8},"end":{"line":420,"column":9}},"161":{"start":{"line":410,"column":29},"end":{"line":410,"column":58}},"162":{"start":{"line":412,"column":10},"end":{"line":419,"column":11}},"163":{"start":{"line":416,"column":12},"end":{"line":416,"column":66}},"164":{"start":{"line":418,"column":12},"end":{"line":418,"column":44}},"165":{"start":{"line":423,"column":8},"end":{"line":423,"column":76}},"166":{"start":{"line":427,"column":21},"end":{"line":427,"column":37}},"167":{"start":{"line":428,"column":23},"end":{"line":430,"column":94}},"168":{"start":{"line":433,"column":6},"end":{"line":437,"column":9}},"169":{"start":{"line":439,"column":25},"end":{"line":439,"column":48}},"170":{"start":{"line":440,"column":6},"end":{"line":440,"column":28}},"171":{"start":{"line":441,"column":6},"end":{"line":441,"column":40}},"172":{"start":{"line":443,"column":25},"end":{"line":448,"column":7}},"173":{"start":{"line":450,"column":6},"end":{"line":450,"column":36}},"174":{"start":{"line":451,"column":6},"end":{"line":451,"column":40}},"175":{"start":{"line":453,"column":6},"end":{"line":462,"column":7}},"176":{"start":{"line":454,"column":8},"end":{"line":454,"column":73}},"177":{"start":{"line":455,"column":8},"end":{"line":459,"column":11}},"178":{"start":{"line":461,"column":8},"end":{"line":461,"column":58}},"179":{"start":{"line":464,"column":6},"end":{"line":464,"column":23}},"180":{"start":{"line":467,"column":6},"end":{"line":467,"column":68}},"181":{"start":{"line":468,"column":6},"end":{"line":472,"column":9}},"182":{"start":{"line":474,"column":6},"end":{"line":474,"column":28}},"183":{"start":{"line":475,"column":6},"end":{"line":475,"column":40}},"184":{"start":{"line":479,"column":2},"end":{"line":479,"column":36}},"185":{"start":{"line":480,"column":2},"end":{"line":480,"column":49}},"186":{"start":{"line":481,"column":2},"end":{"line":481,"column":36}},"187":{"start":{"line":482,"column":2},"end":{"line":482,"column":61}},"188":{"start":{"line":483,"column":2},"end":{"line":483,"column":103}},"189":{"start":{"line":484,"column":2},"end":{"line":486,"column":3}},"190":{"start":{"line":485,"column":4},"end":{"line":485,"column":100}},"191":{"start":{"line":487,"column":2},"end":{"line":487,"column":62}},"192":{"start":{"line":488,"column":2},"end":{"line":488,"column":61}},"193":{"start":{"line":489,"column":2},"end":{"line":489,"column":38}},"194":{"start":{"line":492,"column":2},"end":{"line":492,"column":27}},"195":{"start":{"line":495,"column":23},"end":{"line":495,"column":33}},"196":{"start":{"line":496,"column":26},"end":{"line":496,"column":55}},"197":{"start":{"line":497,"column":24},"end":{"line":497,"column":55}},"198":{"start":{"line":500,"column":2},"end":{"line":500,"column":83}},"199":{"start":{"line":503,"column":2},"end":{"line":503,"column":34}},"200":{"start":{"line":505,"column":2},"end":{"line":505,"column":38}},"201":{"start":{"line":506,"column":2},"end":{"line":506,"column":43}},"202":{"start":{"line":507,"column":2},"end":{"line":507,"column":36}},"203":{"start":{"line":508,"column":2},"end":{"line":508,"column":36}},"204":{"start":{"line":509,"column":2},"end":{"line":509,"column":64}},"205":{"start":{"line":510,"column":2},"end":{"line":514,"column":3}},"206":{"start":{"line":511,"column":4},"end":{"line":511,"column":148}},"207":{"start":{"line":513,"column":4},"end":{"line":513,"column":165}},"208":{"start":{"line":515,"column":2},"end":{"line":515,"column":69}},"209":{"start":{"line":516,"column":2},"end":{"line":516,"column":62}},"210":{"start":{"line":517,"column":2},"end":{"line":517,"column":51}},"211":{"start":{"line":518,"column":2},"end":{"line":518,"column":69}},"212":{"start":{"line":520,"column":2},"end":{"line":527,"column":3}},"213":{"start":{"line":521,"column":4},"end":{"line":521,"column":40}},"214":{"start":{"line":522,"column":4},"end":{"line":526,"column":7}},"215":{"start":{"line":523,"column":25},"end":{"line":523,"column":62}},"216":{"start":{"line":523,"column":48},"end":{"line":523,"column":61}},"217":{"start":{"line":524,"column":21},"end":{"line":524,"column":108}},"218":{"start":{"line":525,"column":6},"end":{"line":525,"column":55}},"219":{"start":{"line":529,"column":2},"end":{"line":529,"column":38}},"220":{"start":{"line":531,"column":2},"end":{"line":531,"column":17}},"221":{"start":{"line":542,"column":2},"end":{"line":721,"column":3}},"222":{"start":{"line":543,"column":20},"end":{"line":543,"column":64}},"223":{"start":{"line":544,"column":24},"end":{"line":544,"column":54}},"224":{"start":{"line":545,"column":23},"end":{"line":545,"column":59}},"225":{"start":{"line":546,"column":23},"end":{"line":546,"column":46}},"226":{"start":{"line":547,"column":36},"end":{"line":547,"column":91}},"227":{"start":{"line":550,"column":4},"end":{"line":553,"column":5}},"228":{"start":{"line":551,"column":6},"end":{"line":551,"column":97}},"229":{"start":{"line":552,"column":6},"end":{"line":552,"column":13}},"230":{"start":{"line":556,"column":4},"end":{"line":558,"column":5}},"231":{"start":{"line":557,"column":6},"end":{"line":557,"column":52}},"232":{"start":{"line":561,"column":24},"end":{"line":561,"column":26}},"233":{"start":{"line":562,"column":24},"end":{"line":562,"column":102}},"234":{"start":{"line":562,"column":79},"end":{"line":562,"column":101}},"235":{"start":{"line":564,"column":4},"end":{"line":567,"column":5}},"236":{"start":{"line":565,"column":6},"end":{"line":565,"column":93}},"237":{"start":{"line":566,"column":6},"end":{"line":566,"column":13}},"238":{"start":{"line":569,"column":4},"end":{"line":589,"column":5}},"239":{"start":{"line":570,"column":6},"end":{"line":588,"column":7}},"240":{"start":{"line":571,"column":25},"end":{"line":571,"column":65}},"241":{"start":{"line":572,"column":27},"end":{"line":572,"column":73}},"242":{"start":{"line":575,"column":25},"end":{"line":575,"column":83}},"243":{"start":{"line":576,"column":24},"end":{"line":576,"column":44}},"244":{"start":{"line":578,"column":8},"end":{"line":585,"column":11}},"245":{"start":{"line":587,"column":8},"end":{"line":587,"column":73}},"246":{"start":{"line":592,"column":29},"end":{"line":592,"column":31}},"247":{"start":{"line":593,"column":29},"end":{"line":593,"column":31}},"248":{"start":{"line":595,"column":4},"end":{"line":654,"column":7}},"249":{"start":{"line":597,"column":6},"end":{"line":624,"column":9}},"250":{"start":{"line":598,"column":23},"end":{"line":598,"column":35}},"251":{"start":{"line":599,"column":8},"end":{"line":610,"column":9}},"252":{"start":{"line":600,"column":10},"end":{"line":609,"column":12}},"253":{"start":{"line":612,"column":30},"end":{"line":612,"column":58}},"254":{"start":{"line":614,"column":24},"end":{"line":614,"column":67}},"255":{"start":{"line":615,"column":8},"end":{"line":623,"column":9}},"256":{"start":{"line":616,"column":10},"end":{"line":621,"column":13}},"257":{"start":{"line":622,"column":10},"end":{"line":622,"column":67}},"258":{"start":{"line":627,"column":6},"end":{"line":653,"column":9}},"259":{"start":{"line":628,"column":23},"end":{"line":628,"column":36}},"260":{"start":{"line":629,"column":8},"end":{"line":640,"column":9}},"261":{"start":{"line":630,"column":10},"end":{"line":639,"column":12}},"262":{"start":{"line":642,"column":30},"end":{"line":642,"column":59}},"263":{"start":{"line":644,"column":24},"end":{"line":644,"column":79}},"264":{"start":{"line":645,"column":25},"end":{"line":645,"column":73}},"265":{"start":{"line":646,"column":8},"end":{"line":651,"column":11}},"266":{"start":{"line":652,"column":8},"end":{"line":652,"column":65}},"267":{"start":{"line":657,"column":23},"end":{"line":657,"column":41}},"268":{"start":{"line":658,"column":32},"end":{"line":658,"column":41}},"269":{"start":{"line":659,"column":32},"end":{"line":659,"column":41}},"270":{"start":{"line":661,"column":4},"end":{"line":663,"column":7}},"271":{"start":{"line":662,"column":6},"end":{"line":662,"column":68}},"272":{"start":{"line":662,"column":33},"end":{"line":662,"column":66}},"273":{"start":{"line":665,"column":4},"end":{"line":667,"column":7}},"274":{"start":{"line":666,"column":6},"end":{"line":666,"column":68}},"275":{"start":{"line":666,"column":33},"end":{"line":666,"column":66}},"276":{"start":{"line":670,"column":31},"end":{"line":672,"column":54}},"277":{"start":{"line":671,"column":22},"end":{"line":671,"column":58}},"278":{"start":{"line":672,"column":22},"end":{"line":672,"column":53}},"279":{"start":{"line":674,"column":31},"end":{"line":676,"column":54}},"280":{"start":{"line":675,"column":22},"end":{"line":675,"column":58}},"281":{"start":{"line":676,"column":22},"end":{"line":676,"column":53}},"282":{"start":{"line":679,"column":29},"end":{"line":680,"column":54}},"283":{"start":{"line":680,"column":22},"end":{"line":680,"column":53}},"284":{"start":{"line":682,"column":29},"end":{"line":683,"column":54}},"285":{"start":{"line":683,"column":22},"end":{"line":683,"column":53}},"286":{"start":{"line":686,"column":22},"end":{"line":686,"column":38}},"287":{"start":{"line":687,"column":25},"end":{"line":687,"column":71}},"288":{"start":{"line":690,"column":24},"end":{"line":707,"column":5}},"289":{"start":{"line":706,"column":38},"end":{"line":706,"column":74}},"290":{"start":{"line":709,"column":21},"end":{"line":709,"column":57}},"291":{"start":{"line":710,"column":4},"end":{"line":710,"column":78}},"292":{"start":{"line":711,"column":4},"end":{"line":711,"column":73}},"293":{"start":{"line":714,"column":21},"end":{"line":714,"column":57}},"294":{"start":{"line":715,"column":24},"end":{"line":715,"column":132}},"295":{"start":{"line":716,"column":4},"end":{"line":716,"column":53}},"296":{"start":{"line":717,"column":4},"end":{"line":717,"column":71}},"297":{"start":{"line":720,"column":4},"end":{"line":720,"column":84}},"298":{"start":{"line":728,"column":240},"end":{"line":728,"column":251}},"299":{"start":{"line":730,"column":13},"end":{"line":855,"column":15}},"300":{"start":{"line":858,"column":24},"end":{"line":862,"column":5}},"301":{"start":{"line":858,"column":64},"end":{"line":862,"column":3}},"302":{"start":{"line":864,"column":21},"end":{"line":864,"column":23}},"303":{"start":{"line":865,"column":2},"end":{"line":868,"column":5}},"304":{"start":{"line":866,"column":19},"end":{"line":866,"column":40}},"305":{"start":{"line":867,"column":4},"end":{"line":867,"column":70}},"306":{"start":{"line":870,"column":30},"end":{"line":870,"column":32}},"307":{"start":{"line":871,"column":2},"end":{"line":878,"column":5}},"308":{"start":{"line":872,"column":4},"end":{"line":877,"column":7}},"309":{"start":{"line":873,"column":6},"end":{"line":875,"column":7}},"310":{"start":{"line":874,"column":8},"end":{"line":874,"column":68}},"311":{"start":{"line":876,"column":6},"end":{"line":876,"column":60}},"312":{"start":{"line":879,"column":19},"end":{"line":881,"column":17}},"313":{"start":{"line":880,"column":20},"end":{"line":880,"column":37}},"314":{"start":{"line":883,"column":24},"end":{"line":883,"column":94}},"315":{"start":{"line":883,"column":53},"end":{"line":883,"column":86}},"316":{"start":{"line":884,"column":28},"end":{"line":884,"column":67}},"317":{"start":{"line":887,"column":2},"end":{"line":1184,"column":15}},"318":{"start":{"line":894,"column":64},"end":{"line":894,"column":128}},"319":{"start":{"line":897,"column":66},"end":{"line":897,"column":73}},"320":{"start":{"line":903,"column":66},"end":{"line":903,"column":77}},"321":{"start":{"line":981,"column":30},"end":{"line":981,"column":88}},"322":{"start":{"line":982,"column":18},"end":{"line":982,"column":29}},"323":{"start":{"line":986,"column":61},"end":{"line":986,"column":68}},"324":{"start":{"line":1187,"column":2},"end":{"line":1238,"column":3}},"325":{"start":{"line":1188,"column":4},"end":{"line":1198,"column":161}},"326":{"start":{"line":1200,"column":4},"end":{"line":1236,"column":7}},"327":{"start":{"line":1201,"column":26},"end":{"line":1201,"column":83}},"328":{"start":{"line":1202,"column":25},"end":{"line":1202,"column":75}},"329":{"start":{"line":1203,"column":6},"end":{"line":1235,"column":16}},"330":{"start":{"line":1220,"column":43},"end":{"line":1220,"column":76}},"331":{"start":{"line":1225,"column":40},"end":{"line":1225,"column":83}},"332":{"start":{"line":1226,"column":43},"end":{"line":1226,"column":68}},"333":{"start":{"line":1227,"column":24},"end":{"line":1231,"column":32}},"334":{"start":{"line":1237,"column":4},"end":{"line":1237,"column":21}},"335":{"start":{"line":1241,"column":2},"end":{"line":1297,"column":3}},"336":{"start":{"line":1242,"column":4},"end":{"line":1252,"column":153}},"337":{"start":{"line":1254,"column":4},"end":{"line":1290,"column":7}},"338":{"start":{"line":1255,"column":25},"end":{"line":1255,"column":61}},"339":{"start":{"line":1256,"column":26},"end":{"line":1256,"column":83}},"340":{"start":{"line":1257,"column":6},"end":{"line":1289,"column":16}},"341":{"start":{"line":1274,"column":43},"end":{"line":1274,"column":76}},"342":{"start":{"line":1279,"column":40},"end":{"line":1279,"column":83}},"343":{"start":{"line":1280,"column":43},"end":{"line":1280,"column":68}},"344":{"start":{"line":1281,"column":24},"end":{"line":1285,"column":32}},"345":{"start":{"line":1291,"column":4},"end":{"line":1291,"column":21}},"346":{"start":{"line":1293,"column":4},"end":{"line":1296,"column":16}},"347":{"start":{"line":1300,"column":2},"end":{"line":1350,"column":3}},"348":{"start":{"line":1301,"column":4},"end":{"line":1311,"column":132}},"349":{"start":{"line":1313,"column":4},"end":{"line":1348,"column":7}},"350":{"start":{"line":1314,"column":25},"end":{"line":1314,"column":61}},"351":{"start":{"line":1315,"column":6},"end":{"line":1347,"column":16}},"352":{"start":{"line":1332,"column":43},"end":{"line":1332,"column":76}},"353":{"start":{"line":1337,"column":40},"end":{"line":1337,"column":83}},"354":{"start":{"line":1338,"column":43},"end":{"line":1338,"column":68}},"355":{"start":{"line":1339,"column":24},"end":{"line":1343,"column":32}},"356":{"start":{"line":1349,"column":4},"end":{"line":1349,"column":21}},"357":{"start":{"line":1352,"column":2},"end":{"line":1355,"column":9}},"358":{"start":{"line":1357,"column":2},"end":{"line":1357,"column":14}},"359":{"start":{"line":1364,"column":21},"end":{"line":1364,"column":49}},"360":{"start":{"line":1365,"column":22},"end":{"line":1365,"column":45}},"361":{"start":{"line":1366,"column":2},"end":{"line":1375,"column":3}},"362":{"start":{"line":1369,"column":4},"end":{"line":1371,"column":5}},"363":{"start":{"line":1372,"column":9},"end":{"line":1375,"column":3}},"364":{"start":{"line":1373,"column":27},"end":{"line":1373,"column":50}},"365":{"start":{"line":1378,"column":0},"end":{"line":1382,"column":2}}},"fnMap":{"0":{"name":"a11yValidator","decl":{"start":{"line":24,"column":15},"end":{"line":24,"column":28}},"loc":{"start":{"line":24,"column":77},"end":{"line":32,"column":1}},"line":24},"1":{"name":"a11yValidatorFromUrl","decl":{"start":{"line":61,"column":15},"end":{"line":61,"column":35}},"loc":{"start":{"line":61,"column":55},"end":{"line":532,"column":1}},"line":61},"2":{"name":"(anonymous_2)","decl":{"start":{"line":108,"column":25},"end":{"line":108,"column":26}},"loc":{"start":{"line":108,"column":33},"end":{"line":120,"column":3}},"line":108},"3":{"name":"(anonymous_3)","decl":{"start":{"line":139,"column":27},"end":{"line":139,"column":28}},"loc":{"start":{"line":139,"column":39},"end":{"line":260,"column":3}},"line":139},"4":{"name":"(anonymous_4)","decl":{"start":{"line":178,"column":29},"end":{"line":178,"column":30}},"loc":{"start":{"line":178,"column":49},"end":{"line":180,"column":7}},"line":178},"5":{"name":"(anonymous_5)","decl":{"start":{"line":187,"column":37},"end":{"line":187,"column":38}},"loc":{"start":{"line":187,"column":47},"end":{"line":187,"column":72}},"line":187},"6":{"name":"(anonymous_6)","decl":{"start":{"line":187,"column":82},"end":{"line":187,"column":83}},"loc":{"start":{"line":187,"column":91},"end":{"line":194,"column":7}},"line":187},"7":{"name":"(anonymous_7)","decl":{"start":{"line":190,"column":36},"end":{"line":190,"column":37}},"loc":{"start":{"line":190,"column":56},"end":{"line":192,"column":9}},"line":190},"8":{"name":"(anonymous_8)","decl":{"start":{"line":235,"column":29},"end":{"line":235,"column":30}},"loc":{"start":{"line":235,"column":49},"end":{"line":240,"column":7}},"line":235},"9":{"name":"(anonymous_9)","decl":{"start":{"line":268,"column":52},"end":{"line":268,"column":53}},"loc":{"start":{"line":268,"column":59},"end":{"line":271,"column":5}},"line":268},"10":{"name":"(anonymous_10)","decl":{"start":{"line":273,"column":55},"end":{"line":273,"column":56}},"loc":{"start":{"line":273,"column":62},"end":{"line":276,"column":5}},"line":273},"11":{"name":"(anonymous_11)","decl":{"start":{"line":278,"column":48},"end":{"line":278,"column":49}},"loc":{"start":{"line":278,"column":62},"end":{"line":281,"column":5}},"line":278},"12":{"name":"(anonymous_12)","decl":{"start":{"line":283,"column":52},"end":{"line":283,"column":53}},"loc":{"start":{"line":283,"column":60},"end":{"line":283,"column":84}},"line":283},"13":{"name":"(anonymous_13)","decl":{"start":{"line":295,"column":37},"end":{"line":295,"column":38}},"loc":{"start":{"line":295,"column":47},"end":{"line":295,"column":72}},"line":295},"14":{"name":"(anonymous_14)","decl":{"start":{"line":295,"column":82},"end":{"line":295,"column":83}},"loc":{"start":{"line":295,"column":91},"end":{"line":297,"column":7}},"line":295},"15":{"name":"(anonymous_15)","decl":{"start":{"line":317,"column":33},"end":{"line":317,"column":34}},"loc":{"start":{"line":317,"column":41},"end":{"line":322,"column":9}},"line":317},"16":{"name":"(anonymous_16)","decl":{"start":{"line":356,"column":35},"end":{"line":356,"column":36}},"loc":{"start":{"line":356,"column":45},"end":{"line":356,"column":70}},"line":356},"17":{"name":"(anonymous_17)","decl":{"start":{"line":356,"column":80},"end":{"line":356,"column":81}},"loc":{"start":{"line":356,"column":89},"end":{"line":358,"column":5}},"line":356},"18":{"name":"(anonymous_18)","decl":{"start":{"line":393,"column":8},"end":{"line":393,"column":9}},"loc":{"start":{"line":393,"column":20},"end":{"line":396,"column":9}},"line":393},"19":{"name":"(anonymous_19)","decl":{"start":{"line":394,"column":58},"end":{"line":394,"column":59}},"loc":{"start":{"line":394,"column":64},"end":{"line":394,"column":83}},"line":394},"20":{"name":"(anonymous_20)","decl":{"start":{"line":522,"column":32},"end":{"line":522,"column":33}},"loc":{"start":{"line":522,"column":48},"end":{"line":526,"column":5}},"line":522},"21":{"name":"(anonymous_21)","decl":{"start":{"line":523,"column":43},"end":{"line":523,"column":44}},"loc":{"start":{"line":523,"column":48},"end":{"line":523,"column":61}},"line":523},"22":{"name":"generateComprehensiveReport","decl":{"start":{"line":541,"column":15},"end":{"line":541,"column":42}},"loc":{"start":{"line":541,"column":90},"end":{"line":722,"column":1}},"line":541},"23":{"name":"(anonymous_23)","decl":{"start":{"line":562,"column":71},"end":{"line":562,"column":72}},"loc":{"start":{"line":562,"column":79},"end":{"line":562,"column":101}},"line":562},"24":{"name":"(anonymous_24)","decl":{"start":{"line":595,"column":24},"end":{"line":595,"column":25}},"loc":{"start":{"line":595,"column":38},"end":{"line":654,"column":5}},"line":595},"25":{"name":"(anonymous_25)","decl":{"start":{"line":597,"column":36},"end":{"line":597,"column":37}},"loc":{"start":{"line":597,"column":49},"end":{"line":624,"column":7}},"line":597},"26":{"name":"(anonymous_26)","decl":{"start":{"line":627,"column":36},"end":{"line":627,"column":37}},"loc":{"start":{"line":627,"column":50},"end":{"line":653,"column":7}},"line":627},"27":{"name":"(anonymous_27)","decl":{"start":{"line":661,"column":44},"end":{"line":661,"column":45}},"loc":{"start":{"line":661,"column":52},"end":{"line":663,"column":5}},"line":661},"28":{"name":"(anonymous_28)","decl":{"start":{"line":662,"column":25},"end":{"line":662,"column":26}},"loc":{"start":{"line":662,"column":33},"end":{"line":662,"column":66}},"line":662},"29":{"name":"(anonymous_29)","decl":{"start":{"line":665,"column":44},"end":{"line":665,"column":45}},"loc":{"start":{"line":665,"column":52},"end":{"line":667,"column":5}},"line":665},"30":{"name":"(anonymous_30)","decl":{"start":{"line":666,"column":25},"end":{"line":666,"column":26}},"loc":{"start":{"line":666,"column":33},"end":{"line":666,"column":66}},"line":666},"31":{"name":"(anonymous_31)","decl":{"start":{"line":671,"column":14},"end":{"line":671,"column":15}},"loc":{"start":{"line":671,"column":22},"end":{"line":671,"column":58}},"line":671},"32":{"name":"(anonymous_32)","decl":{"start":{"line":672,"column":12},"end":{"line":672,"column":13}},"loc":{"start":{"line":672,"column":22},"end":{"line":672,"column":53}},"line":672},"33":{"name":"(anonymous_33)","decl":{"start":{"line":675,"column":14},"end":{"line":675,"column":15}},"loc":{"start":{"line":675,"column":22},"end":{"line":675,"column":58}},"line":675},"34":{"name":"(anonymous_34)","decl":{"start":{"line":676,"column":12},"end":{"line":676,"column":13}},"loc":{"start":{"line":676,"column":22},"end":{"line":676,"column":53}},"line":676},"35":{"name":"(anonymous_35)","decl":{"start":{"line":680,"column":12},"end":{"line":680,"column":13}},"loc":{"start":{"line":680,"column":22},"end":{"line":680,"column":53}},"line":680},"36":{"name":"(anonymous_36)","decl":{"start":{"line":683,"column":12},"end":{"line":683,"column":13}},"loc":{"start":{"line":683,"column":22},"end":{"line":683,"column":53}},"line":683},"37":{"name":"(anonymous_37)","decl":{"start":{"line":706,"column":32},"end":{"line":706,"column":33}},"loc":{"start":{"line":706,"column":38},"end":{"line":706,"column":74}},"line":706},"38":{"name":"generateSummaryHTML","decl":{"start":{"line":727,"column":9},"end":{"line":727,"column":28}},"loc":{"start":{"line":727,"column":118},"end":{"line":1358,"column":1}},"line":727},"39":{"name":"(anonymous_39)","decl":{"start":{"line":858,"column":58},"end":{"line":858,"column":59}},"loc":{"start":{"line":858,"column":64},"end":{"line":862,"column":3}},"line":858},"40":{"name":"(anonymous_40)","decl":{"start":{"line":865,"column":27},"end":{"line":865,"column":28}},"loc":{"start":{"line":865,"column":32},"end":{"line":868,"column":3}},"line":865},"41":{"name":"(anonymous_41)","decl":{"start":{"line":871,"column":27},"end":{"line":871,"column":28}},"loc":{"start":{"line":871,"column":35},"end":{"line":878,"column":3}},"line":871},"42":{"name":"(anonymous_42)","decl":{"start":{"line":872,"column":23},"end":{"line":872,"column":24}},"loc":{"start":{"line":872,"column":31},"end":{"line":877,"column":5}},"line":872},"43":{"name":"(anonymous_43)","decl":{"start":{"line":880,"column":10},"end":{"line":880,"column":11}},"loc":{"start":{"line":880,"column":20},"end":{"line":880,"column":37}},"line":880},"44":{"name":"(anonymous_44)","decl":{"start":{"line":883,"column":48},"end":{"line":883,"column":49}},"loc":{"start":{"line":883,"column":53},"end":{"line":883,"column":86}},"line":883},"45":{"name":"(anonymous_45)","decl":{"start":{"line":894,"column":59},"end":{"line":894,"column":60}},"loc":{"start":{"line":894,"column":64},"end":{"line":894,"column":128}},"line":894},"46":{"name":"(anonymous_46)","decl":{"start":{"line":897,"column":61},"end":{"line":897,"column":62}},"loc":{"start":{"line":897,"column":66},"end":{"line":897,"column":73}},"line":897},"47":{"name":"(anonymous_47)","decl":{"start":{"line":903,"column":61},"end":{"line":903,"column":62}},"loc":{"start":{"line":903,"column":66},"end":{"line":903,"column":77}},"line":903},"48":{"name":"(anonymous_48)","decl":{"start":{"line":980,"column":54},"end":{"line":980,"column":55}},"loc":{"start":{"line":980,"column":59},"end":{"line":983,"column":17}},"line":980},"49":{"name":"(anonymous_49)","decl":{"start":{"line":986,"column":56},"end":{"line":986,"column":57}},"loc":{"start":{"line":986,"column":61},"end":{"line":986,"column":68}},"line":986},"50":{"name":"(anonymous_50)","decl":{"start":{"line":1200,"column":31},"end":{"line":1200,"column":32}},"loc":{"start":{"line":1200,"column":48},"end":{"line":1236,"column":5}},"line":1200},"51":{"name":"(anonymous_51)","decl":{"start":{"line":1220,"column":36},"end":{"line":1220,"column":37}},"loc":{"start":{"line":1220,"column":43},"end":{"line":1220,"column":76}},"line":1220},"52":{"name":"(anonymous_52)","decl":{"start":{"line":1224,"column":75},"end":{"line":1224,"column":76}},"loc":{"start":{"line":1224,"column":83},"end":{"line":1232,"column":21}},"line":1224},"53":{"name":"(anonymous_53)","decl":{"start":{"line":1254,"column":29},"end":{"line":1254,"column":30}},"loc":{"start":{"line":1254,"column":46},"end":{"line":1290,"column":5}},"line":1254},"54":{"name":"(anonymous_54)","decl":{"start":{"line":1274,"column":36},"end":{"line":1274,"column":37}},"loc":{"start":{"line":1274,"column":43},"end":{"line":1274,"column":76}},"line":1274},"55":{"name":"(anonymous_55)","decl":{"start":{"line":1278,"column":75},"end":{"line":1278,"column":76}},"loc":{"start":{"line":1278,"column":83},"end":{"line":1286,"column":21}},"line":1278},"56":{"name":"(anonymous_56)","decl":{"start":{"line":1313,"column":29},"end":{"line":1313,"column":30}},"loc":{"start":{"line":1313,"column":46},"end":{"line":1348,"column":5}},"line":1313},"57":{"name":"(anonymous_57)","decl":{"start":{"line":1332,"column":36},"end":{"line":1332,"column":37}},"loc":{"start":{"line":1332,"column":43},"end":{"line":1332,"column":76}},"line":1332},"58":{"name":"(anonymous_58)","decl":{"start":{"line":1336,"column":75},"end":{"line":1336,"column":76}},"loc":{"start":{"line":1336,"column":83},"end":{"line":1344,"column":21}},"line":1336},"59":{"name":"accessibilityError","decl":{"start":{"line":1363,"column":15},"end":{"line":1363,"column":33}},"loc":{"start":{"line":1363,"column":41},"end":{"line":1376,"column":1}},"line":1363}},"branchMap":{"0":{"loc":{"start":{"line":9,"column":0},"end":{"line":13,"column":45}},"type":"if","locations":[{"start":{"line":9,"column":0},"end":{"line":13,"column":45}},{"start":{"line":13,"column":7},"end":{"line":13,"column":45}}],"line":9},"1":{"loc":{"start":{"line":24,"column":39},"end":{"line":24,"column":61}},"type":"default-arg","locations":[{"start":{"line":24,"column":56},"end":{"line":24,"column":61}}],"line":24},"2":{"loc":{"start":{"line":24,"column":63},"end":{"line":24,"column":75}},"type":"default-arg","locations":[{"start":{"line":24,"column":73},"end":{"line":24,"column":75}}],"line":24},"3":{"loc":{"start":{"line":26,"column":16},"end":{"line":26,"column":76}},"type":"cond-expr","locations":[{"start":{"line":26,"column":54},"end":{"line":26,"column":68}},{"start":{"line":26,"column":71},"end":{"line":26,"column":76}}],"line":26},"4":{"loc":{"start":{"line":27,"column":22},"end":{"line":27,"column":83}},"type":"cond-expr","locations":[{"start":{"line":27,"column":59},"end":{"line":27,"column":73}},{"start":{"line":27,"column":76},"end":{"line":27,"column":83}}],"line":27},"5":{"loc":{"start":{"line":61,"column":41},"end":{"line":61,"column":53}},"type":"default-arg","locations":[{"start":{"line":61,"column":51},"end":{"line":61,"column":53}}],"line":61},"6":{"loc":{"start":{"line":63,"column":4},"end":{"line":63,"column":16}},"type":"default-arg","locations":[{"start":{"line":63,"column":12},"end":{"line":63,"column":16}}],"line":63},"7":{"loc":{"start":{"line":64,"column":4},"end":{"line":64,"column":17}},"type":"default-arg","locations":[{"start":{"line":64,"column":15},"end":{"line":64,"column":17}}],"line":64},"8":{"loc":{"start":{"line":65,"column":4},"end":{"line":65,"column":16}},"type":"default-arg","locations":[{"start":{"line":65,"column":15},"end":{"line":65,"column":16}}],"line":65},"9":{"loc":{"start":{"line":66,"column":4},"end":{"line":66,"column":21}},"type":"default-arg","locations":[{"start":{"line":66,"column":19},"end":{"line":66,"column":21}}],"line":66},"10":{"loc":{"start":{"line":67,"column":4},"end":{"line":67,"column":15}},"type":"default-arg","locations":[{"start":{"line":67,"column":11},"end":{"line":67,"column":15}}],"line":67},"11":{"loc":{"start":{"line":68,"column":4},"end":{"line":68,"column":30}},"type":"default-arg","locations":[{"start":{"line":68,"column":28},"end":{"line":68,"column":30}}],"line":68},"12":{"loc":{"start":{"line":69,"column":4},"end":{"line":69,"column":28}},"type":"default-arg","locations":[{"start":{"line":69,"column":23},"end":{"line":69,"column":28}}],"line":69},"13":{"loc":{"start":{"line":70,"column":4},"end":{"line":70,"column":21}},"type":"default-arg","locations":[{"start":{"line":70,"column":16},"end":{"line":70,"column":21}}],"line":70},"14":{"loc":{"start":{"line":71,"column":4},"end":{"line":71,"column":20}},"type":"default-arg","locations":[{"start":{"line":71,"column":18},"end":{"line":71,"column":20}}],"line":71},"15":{"loc":{"start":{"line":72,"column":4},"end":{"line":72,"column":21}},"type":"default-arg","locations":[{"start":{"line":72,"column":19},"end":{"line":72,"column":21}}],"line":72},"16":{"loc":{"start":{"line":73,"column":4},"end":{"line":73,"column":22}},"type":"default-arg","locations":[{"start":{"line":73,"column":18},"end":{"line":73,"column":22}}],"line":73},"17":{"loc":{"start":{"line":74,"column":4},"end":{"line":74,"column":25}},"type":"default-arg","locations":[{"start":{"line":74,"column":21},"end":{"line":74,"column":25}}],"line":74},"18":{"loc":{"start":{"line":77,"column":2},"end":{"line":79,"column":3}},"type":"if","locations":[{"start":{"line":77,"column":2},"end":{"line":79,"column":3}},{"start":{},"end":{}}],"line":77},"19":{"loc":{"start":{"line":81,"column":2},"end":{"line":83,"column":3}},"type":"if","locations":[{"start":{"line":81,"column":2},"end":{"line":83,"column":3}},{"start":{},"end":{}}],"line":81},"20":{"loc":{"start":{"line":115,"column":4},"end":{"line":115,"column":43}},"type":"if","locations":[{"start":{"line":115,"column":4},"end":{"line":115,"column":43}},{"start":{},"end":{}}],"line":115},"21":{"loc":{"start":{"line":116,"column":4},"end":{"line":116,"column":47}},"type":"if","locations":[{"start":{"line":116,"column":4},"end":{"line":116,"column":47}},{"start":{},"end":{}}],"line":116},"22":{"loc":{"start":{"line":117,"column":4},"end":{"line":117,"column":69}},"type":"if","locations":[{"start":{"line":117,"column":4},"end":{"line":117,"column":69}},{"start":{},"end":{}}],"line":117},"23":{"loc":{"start":{"line":117,"column":8},"end":{"line":117,"column":41}},"type":"binary-expr","locations":[{"start":{"line":117,"column":8},"end":{"line":117,"column":19}},{"start":{"line":117,"column":23},"end":{"line":117,"column":41}}],"line":117},"24":{"loc":{"start":{"line":126,"column":2},"end":{"line":136,"column":3}},"type":"if","locations":[{"start":{"line":126,"column":2},"end":{"line":136,"column":3}},{"start":{},"end":{}}],"line":126},"25":{"loc":{"start":{"line":134,"column":14},"end":{"line":134,"column":26}},"type":"binary-expr","locations":[{"start":{"line":134,"column":14},"end":{"line":134,"column":20}},{"start":{"line":134,"column":24},"end":{"line":134,"column":26}}],"line":134},"26":{"loc":{"start":{"line":141,"column":25},"end":{"line":141,"column":61}},"type":"binary-expr","locations":[{"start":{"line":141,"column":25},"end":{"line":141,"column":46}},{"start":{"line":141,"column":50},"end":{"line":141,"column":61}}],"line":141},"27":{"loc":{"start":{"line":145,"column":6},"end":{"line":147,"column":7}},"type":"if","locations":[{"start":{"line":145,"column":6},"end":{"line":147,"column":7}},{"start":{},"end":{}}],"line":145},"28":{"loc":{"start":{"line":161,"column":22},"end":{"line":161,"column":40}},"type":"binary-expr","locations":[{"start":{"line":161,"column":22},"end":{"line":161,"column":34}},{"start":{"line":161,"column":38},"end":{"line":161,"column":40}}],"line":161},"29":{"loc":{"start":{"line":263,"column":2},"end":{"line":331,"column":3}},"type":"if","locations":[{"start":{"line":263,"column":2},"end":{"line":331,"column":3}},{"start":{},"end":{}}],"line":263},"30":{"loc":{"start":{"line":270,"column":13},"end":{"line":270,"column":63}},"type":"binary-expr","locations":[{"start":{"line":270,"column":13},"end":{"line":270,"column":31}},{"start":{"line":270,"column":35},"end":{"line":270,"column":63}}],"line":270},"31":{"loc":{"start":{"line":275,"column":13},"end":{"line":275,"column":66}},"type":"binary-expr","locations":[{"start":{"line":275,"column":13},"end":{"line":275,"column":32}},{"start":{"line":275,"column":36},"end":{"line":275,"column":66}}],"line":275},"32":{"loc":{"start":{"line":280,"column":20},"end":{"line":280,"column":51}},"type":"binary-expr","locations":[{"start":{"line":280,"column":20},"end":{"line":280,"column":46}},{"start":{"line":280,"column":50},"end":{"line":280,"column":51}}],"line":280},"33":{"loc":{"start":{"line":283,"column":60},"end":{"line":283,"column":84}},"type":"binary-expr","locations":[{"start":{"line":283,"column":60},"end":{"line":283,"column":79}},{"start":{"line":283,"column":83},"end":{"line":283,"column":84}}],"line":283},"34":{"loc":{"start":{"line":293,"column":4},"end":{"line":298,"column":5}},"type":"if","locations":[{"start":{"line":293,"column":4},"end":{"line":298,"column":5}},{"start":{},"end":{}}],"line":293},"35":{"loc":{"start":{"line":334,"column":22},"end":{"line":336,"column":27}},"type":"cond-expr","locations":[{"start":{"line":335,"column":6},"end":{"line":335,"column":53}},{"start":{"line":336,"column":6},"end":{"line":336,"column":27}}],"line":334},"36":{"loc":{"start":{"line":334,"column":22},"end":{"line":334,"column":58}},"type":"binary-expr","locations":[{"start":{"line":334,"column":22},"end":{"line":334,"column":36}},{"start":{"line":334,"column":40},"end":{"line":334,"column":58}}],"line":334},"37":{"loc":{"start":{"line":344,"column":2},"end":{"line":349,"column":3}},"type":"if","locations":[{"start":{"line":344,"column":2},"end":{"line":349,"column":3}},{"start":{"line":347,"column":9},"end":{"line":349,"column":3}}],"line":344},"38":{"loc":{"start":{"line":344,"column":6},"end":{"line":344,"column":62}},"type":"binary-expr","locations":[{"start":{"line":344,"column":6},"end":{"line":344,"column":20}},{"start":{"line":344,"column":24},"end":{"line":344,"column":42}},{"start":{"line":344,"column":46},"end":{"line":344,"column":62}}],"line":344},"39":{"loc":{"start":{"line":354,"column":2},"end":{"line":359,"column":3}},"type":"if","locations":[{"start":{"line":354,"column":2},"end":{"line":359,"column":3}},{"start":{},"end":{}}],"line":354},"40":{"loc":{"start":{"line":377,"column":2},"end":{"line":381,"column":3}},"type":"if","locations":[{"start":{"line":377,"column":2},"end":{"line":381,"column":3}},{"start":{"line":379,"column":9},"end":{"line":381,"column":3}}],"line":377},"41":{"loc":{"start":{"line":377,"column":6},"end":{"line":377,"column":62}},"type":"binary-expr","locations":[{"start":{"line":377,"column":6},"end":{"line":377,"column":20}},{"start":{"line":377,"column":24},"end":{"line":377,"column":42}},{"start":{"line":377,"column":46},"end":{"line":377,"column":62}}],"line":377},"42":{"loc":{"start":{"line":409,"column":8},"end":{"line":420,"column":9}},"type":"if","locations":[{"start":{"line":409,"column":8},"end":{"line":420,"column":9}},{"start":{},"end":{}}],"line":409},"43":{"loc":{"start":{"line":412,"column":10},"end":{"line":419,"column":11}},"type":"if","locations":[{"start":{"line":412,"column":10},"end":{"line":419,"column":11}},{"start":{"line":414,"column":17},"end":{"line":419,"column":11}}],"line":412},"44":{"loc":{"start":{"line":412,"column":14},"end":{"line":412,"column":51}},"type":"binary-expr","locations":[{"start":{"line":412,"column":14},"end":{"line":412,"column":25}},{"start":{"line":412,"column":29},"end":{"line":412,"column":51}}],"line":412},"45":{"loc":{"start":{"line":428,"column":23},"end":{"line":430,"column":94}},"type":"cond-expr","locations":[{"start":{"line":429,"column":10},"end":{"line":429,"column":16}},{"start":{"line":430,"column":10},"end":{"line":430,"column":94}}],"line":428},"46":{"loc":{"start":{"line":428,"column":23},"end":{"line":428,"column":72}},"type":"binary-expr","locations":[{"start":{"line":428,"column":23},"end":{"line":428,"column":46}},{"start":{"line":428,"column":50},"end":{"line":428,"column":72}}],"line":428},"47":{"loc":{"start":{"line":430,"column":10},"end":{"line":430,"column":94}},"type":"binary-expr","locations":[{"start":{"line":430,"column":10},"end":{"line":430,"column":84}},{"start":{"line":430,"column":88},"end":{"line":430,"column":94}}],"line":430},"48":{"loc":{"start":{"line":447,"column":16},"end":{"line":447,"column":56}},"type":"cond-expr","locations":[{"start":{"line":447,"column":33},"end":{"line":447,"column":45}},{"start":{"line":447,"column":48},"end":{"line":447,"column":56}}],"line":447},"49":{"loc":{"start":{"line":453,"column":6},"end":{"line":462,"column":7}},"type":"if","locations":[{"start":{"line":453,"column":6},"end":{"line":462,"column":7}},{"start":{"line":460,"column":13},"end":{"line":462,"column":7}}],"line":453},"50":{"loc":{"start":{"line":483,"column":55},"end":{"line":483,"column":99}},"type":"binary-expr","locations":[{"start":{"line":483,"column":55},"end":{"line":483,"column":74}},{"start":{"line":483,"column":78},"end":{"line":483,"column":99}}],"line":483},"51":{"loc":{"start":{"line":484,"column":2},"end":{"line":486,"column":3}},"type":"if","locations":[{"start":{"line":484,"column":2},"end":{"line":486,"column":3}},{"start":{},"end":{}}],"line":484},"52":{"loc":{"start":{"line":510,"column":2},"end":{"line":514,"column":3}},"type":"if","locations":[{"start":{"line":510,"column":2},"end":{"line":514,"column":3}},{"start":{"line":512,"column":9},"end":{"line":514,"column":3}}],"line":510},"53":{"loc":{"start":{"line":513,"column":58},"end":{"line":513,"column":160}},"type":"cond-expr","locations":[{"start":{"line":513,"column":103},"end":{"line":513,"column":123}},{"start":{"line":513,"column":126},"end":{"line":513,"column":160}}],"line":513},"54":{"loc":{"start":{"line":520,"column":2},"end":{"line":527,"column":3}},"type":"if","locations":[{"start":{"line":520,"column":2},"end":{"line":527,"column":3}},{"start":{},"end":{}}],"line":520},"55":{"loc":{"start":{"line":524,"column":21},"end":{"line":524,"column":108}},"type":"cond-expr","locations":[{"start":{"line":524,"column":59},"end":{"line":524,"column":63}},{"start":{"line":524,"column":66},"end":{"line":524,"column":108}}],"line":524},"56":{"loc":{"start":{"line":524,"column":66},"end":{"line":524,"column":108}},"type":"cond-expr","locations":[{"start":{"line":524,"column":99},"end":{"line":524,"column":102}},{"start":{"line":524,"column":105},"end":{"line":524,"column":108}}],"line":524},"57":{"loc":{"start":{"line":543,"column":20},"end":{"line":543,"column":64}},"type":"binary-expr","locations":[{"start":{"line":543,"column":20},"end":{"line":543,"column":54}},{"start":{"line":543,"column":58},"end":{"line":543,"column":64}}],"line":543},"58":{"loc":{"start":{"line":544,"column":24},"end":{"line":544,"column":54}},"type":"binary-expr","locations":[{"start":{"line":544,"column":24},"end":{"line":544,"column":42}},{"start":{"line":544,"column":46},"end":{"line":544,"column":54}}],"line":544},"59":{"loc":{"start":{"line":545,"column":23},"end":{"line":545,"column":59}},"type":"binary-expr","locations":[{"start":{"line":545,"column":23},"end":{"line":545,"column":44}},{"start":{"line":545,"column":48},"end":{"line":545,"column":59}}],"line":545},"60":{"loc":{"start":{"line":550,"column":4},"end":{"line":553,"column":5}},"type":"if","locations":[{"start":{"line":550,"column":4},"end":{"line":553,"column":5}},{"start":{},"end":{}}],"line":550},"61":{"loc":{"start":{"line":556,"column":4},"end":{"line":558,"column":5}},"type":"if","locations":[{"start":{"line":556,"column":4},"end":{"line":558,"column":5}},{"start":{},"end":{}}],"line":556},"62":{"loc":{"start":{"line":564,"column":4},"end":{"line":567,"column":5}},"type":"if","locations":[{"start":{"line":564,"column":4},"end":{"line":567,"column":5}},{"start":{},"end":{}}],"line":564},"63":{"loc":{"start":{"line":576,"column":24},"end":{"line":576,"column":44}},"type":"binary-expr","locations":[{"start":{"line":576,"column":24},"end":{"line":576,"column":38}},{"start":{"line":576,"column":42},"end":{"line":576,"column":44}}],"line":576},"64":{"loc":{"start":{"line":581,"column":22},"end":{"line":581,"column":49}},"type":"binary-expr","locations":[{"start":{"line":581,"column":22},"end":{"line":581,"column":43}},{"start":{"line":581,"column":47},"end":{"line":581,"column":49}}],"line":581},"65":{"loc":{"start":{"line":582,"column":22},"end":{"line":582,"column":49}},"type":"binary-expr","locations":[{"start":{"line":582,"column":22},"end":{"line":582,"column":43}},{"start":{"line":582,"column":47},"end":{"line":582,"column":49}}],"line":582},"66":{"loc":{"start":{"line":583,"column":18},"end":{"line":583,"column":41}},"type":"binary-expr","locations":[{"start":{"line":583,"column":18},"end":{"line":583,"column":35}},{"start":{"line":583,"column":39},"end":{"line":583,"column":41}}],"line":583},"67":{"loc":{"start":{"line":584,"column":24},"end":{"line":584,"column":53}},"type":"binary-expr","locations":[{"start":{"line":584,"column":24},"end":{"line":584,"column":47}},{"start":{"line":584,"column":51},"end":{"line":584,"column":53}}],"line":584},"68":{"loc":{"start":{"line":599,"column":8},"end":{"line":610,"column":9}},"type":"if","locations":[{"start":{"line":599,"column":8},"end":{"line":610,"column":9}},{"start":{},"end":{}}],"line":599},"69":{"loc":{"start":{"line":606,"column":18},"end":{"line":606,"column":38}},"type":"binary-expr","locations":[{"start":{"line":606,"column":18},"end":{"line":606,"column":32}},{"start":{"line":606,"column":36},"end":{"line":606,"column":38}}],"line":606},"70":{"loc":{"start":{"line":612,"column":30},"end":{"line":612,"column":58}},"type":"binary-expr","locations":[{"start":{"line":612,"column":30},"end":{"line":612,"column":53}},{"start":{"line":612,"column":57},"end":{"line":612,"column":58}}],"line":612},"71":{"loc":{"start":{"line":614,"column":24},"end":{"line":614,"column":67}},"type":"binary-expr","locations":[{"start":{"line":614,"column":24},"end":{"line":614,"column":38}},{"start":{"line":614,"column":42},"end":{"line":614,"column":61}},{"start":{"line":614,"column":65},"end":{"line":614,"column":67}}],"line":614},"72":{"loc":{"start":{"line":615,"column":8},"end":{"line":623,"column":9}},"type":"if","locations":[{"start":{"line":615,"column":8},"end":{"line":623,"column":9}},{"start":{},"end":{}}],"line":615},"73":{"loc":{"start":{"line":618,"column":22},"end":{"line":618,"column":52}},"type":"binary-expr","locations":[{"start":{"line":618,"column":22},"end":{"line":618,"column":41}},{"start":{"line":618,"column":45},"end":{"line":618,"column":52}}],"line":618},"74":{"loc":{"start":{"line":620,"column":19},"end":{"line":620,"column":40}},"type":"binary-expr","locations":[{"start":{"line":620,"column":19},"end":{"line":620,"column":34}},{"start":{"line":620,"column":38},"end":{"line":620,"column":40}}],"line":620},"75":{"loc":{"start":{"line":629,"column":8},"end":{"line":640,"column":9}},"type":"if","locations":[{"start":{"line":629,"column":8},"end":{"line":640,"column":9}},{"start":{},"end":{}}],"line":629},"76":{"loc":{"start":{"line":636,"column":18},"end":{"line":636,"column":39}},"type":"binary-expr","locations":[{"start":{"line":636,"column":18},"end":{"line":636,"column":33}},{"start":{"line":636,"column":37},"end":{"line":636,"column":39}}],"line":636},"77":{"loc":{"start":{"line":642,"column":30},"end":{"line":642,"column":59}},"type":"binary-expr","locations":[{"start":{"line":642,"column":30},"end":{"line":642,"column":54}},{"start":{"line":642,"column":58},"end":{"line":642,"column":59}}],"line":642},"78":{"loc":{"start":{"line":644,"column":24},"end":{"line":644,"column":79}},"type":"binary-expr","locations":[{"start":{"line":644,"column":24},"end":{"line":644,"column":38}},{"start":{"line":644,"column":42},"end":{"line":644,"column":61}},{"start":{"line":644,"column":65},"end":{"line":644,"column":79}}],"line":644},"79":{"loc":{"start":{"line":645,"column":25},"end":{"line":645,"column":73}},"type":"binary-expr","locations":[{"start":{"line":645,"column":25},"end":{"line":645,"column":44}},{"start":{"line":645,"column":48},"end":{"line":645,"column":55}},{"start":{"line":645,"column":59},"end":{"line":645,"column":73}}],"line":645},"80":{"loc":{"start":{"line":650,"column":17},"end":{"line":650,"column":39}},"type":"binary-expr","locations":[{"start":{"line":650,"column":17},"end":{"line":650,"column":33}},{"start":{"line":650,"column":37},"end":{"line":650,"column":39}}],"line":650},"81":{"loc":{"start":{"line":859,"column":11},"end":{"line":859,"column":25}},"type":"binary-expr","locations":[{"start":{"line":859,"column":11},"end":{"line":859,"column":17}},{"start":{"line":859,"column":21},"end":{"line":859,"column":25}}],"line":859},"82":{"loc":{"start":{"line":866,"column":19},"end":{"line":866,"column":40}},"type":"binary-expr","locations":[{"start":{"line":866,"column":19},"end":{"line":866,"column":27}},{"start":{"line":866,"column":31},"end":{"line":866,"column":40}}],"line":866},"83":{"loc":{"start":{"line":867,"column":26},"end":{"line":867,"column":49}},"type":"binary-expr","locations":[{"start":{"line":867,"column":26},"end":{"line":867,"column":44}},{"start":{"line":867,"column":48},"end":{"line":867,"column":49}}],"line":867},"84":{"loc":{"start":{"line":873,"column":6},"end":{"line":875,"column":7}},"type":"if","locations":[{"start":{"line":873,"column":6},"end":{"line":875,"column":7}},{"start":{},"end":{}}],"line":873},"85":{"loc":{"start":{"line":894,"column":64},"end":{"line":894,"column":128}},"type":"cond-expr","locations":[{"start":{"line":894,"column":86},"end":{"line":894,"column":118}},{"start":{"line":894,"column":121},"end":{"line":894,"column":128}}],"line":894},"86":{"loc":{"start":{"line":981,"column":30},"end":{"line":981,"column":88}},"type":"cond-expr","locations":[{"start":{"line":981,"column":50},"end":{"line":981,"column":80}},{"start":{"line":981,"column":83},"end":{"line":981,"column":88}}],"line":981},"87":{"loc":{"start":{"line":1187,"column":2},"end":{"line":1238,"column":3}},"type":"if","locations":[{"start":{"line":1187,"column":2},"end":{"line":1238,"column":3}},{"start":{},"end":{}}],"line":1187},"88":{"loc":{"start":{"line":1201,"column":26},"end":{"line":1201,"column":83}},"type":"cond-expr","locations":[{"start":{"line":1201,"column":40},"end":{"line":1201,"column":63}},{"start":{"line":1201,"column":66},"end":{"line":1201,"column":83}}],"line":1201},"89":{"loc":{"start":{"line":1208,"column":52},"end":{"line":1208,"column":72}},"type":"binary-expr","locations":[{"start":{"line":1208,"column":52},"end":{"line":1208,"column":61}},{"start":{"line":1208,"column":65},"end":{"line":1208,"column":72}}],"line":1208},"90":{"loc":{"start":{"line":1209,"column":64},"end":{"line":1209,"column":88}},"type":"binary-expr","locations":[{"start":{"line":1209,"column":64},"end":{"line":1209,"column":75}},{"start":{"line":1209,"column":79},"end":{"line":1209,"column":88}}],"line":1209},"91":{"loc":{"start":{"line":1218,"column":18},"end":{"line":1218,"column":116}},"type":"cond-expr","locations":[{"start":{"line":1218,"column":33},"end":{"line":1218,"column":111}},{"start":{"line":1218,"column":114},"end":{"line":1218,"column":116}}],"line":1218},"92":{"loc":{"start":{"line":1224,"column":22},"end":{"line":1232,"column":102}},"type":"cond-expr","locations":[{"start":{"line":1224,"column":60},"end":{"line":1232,"column":31}},{"start":{"line":1232,"column":34},"end":{"line":1232,"column":102}}],"line":1224},"93":{"loc":{"start":{"line":1224,"column":22},"end":{"line":1224,"column":57}},"type":"binary-expr","locations":[{"start":{"line":1224,"column":22},"end":{"line":1224,"column":32}},{"start":{"line":1224,"column":36},"end":{"line":1224,"column":57}}],"line":1224},"94":{"loc":{"start":{"line":1225,"column":40},"end":{"line":1225,"column":83}},"type":"binary-expr","locations":[{"start":{"line":1225,"column":40},"end":{"line":1225,"column":48}},{"start":{"line":1225,"column":52},"end":{"line":1225,"column":65}},{"start":{"line":1225,"column":69},"end":{"line":1225,"column":83}}],"line":1225},"95":{"loc":{"start":{"line":1226,"column":43},"end":{"line":1226,"column":68}},"type":"binary-expr","locations":[{"start":{"line":1226,"column":43},"end":{"line":1226,"column":50}},{"start":{"line":1226,"column":54},"end":{"line":1226,"column":68}}],"line":1226},"96":{"loc":{"start":{"line":1230,"column":60},"end":{"line":1230,"column":79}},"type":"binary-expr","locations":[{"start":{"line":1230,"column":60},"end":{"line":1230,"column":74}},{"start":{"line":1230,"column":78},"end":{"line":1230,"column":79}}],"line":1230},"97":{"loc":{"start":{"line":1230,"column":91},"end":{"line":1230,"column":129}},"type":"cond-expr","locations":[{"start":{"line":1230,"column":121},"end":{"line":1230,"column":124}},{"start":{"line":1230,"column":127},"end":{"line":1230,"column":129}}],"line":1230},"98":{"loc":{"start":{"line":1230,"column":92},"end":{"line":1230,"column":111}},"type":"binary-expr","locations":[{"start":{"line":1230,"column":92},"end":{"line":1230,"column":106}},{"start":{"line":1230,"column":110},"end":{"line":1230,"column":111}}],"line":1230},"99":{"loc":{"start":{"line":1241,"column":2},"end":{"line":1297,"column":3}},"type":"if","locations":[{"start":{"line":1241,"column":2},"end":{"line":1297,"column":3}},{"start":{"line":1292,"column":9},"end":{"line":1297,"column":3}}],"line":1241},"100":{"loc":{"start":{"line":1256,"column":26},"end":{"line":1256,"column":83}},"type":"cond-expr","locations":[{"start":{"line":1256,"column":40},"end":{"line":1256,"column":63}},{"start":{"line":1256,"column":66},"end":{"line":1256,"column":83}}],"line":1256},"101":{"loc":{"start":{"line":1258,"column":38},"end":{"line":1258,"column":67}},"type":"cond-expr","locations":[{"start":{"line":1258,"column":51},"end":{"line":1258,"column":62}},{"start":{"line":1258,"column":65},"end":{"line":1258,"column":67}}],"line":1258},"102":{"loc":{"start":{"line":1262,"column":52},"end":{"line":1262,"column":72}},"type":"binary-expr","locations":[{"start":{"line":1262,"column":52},"end":{"line":1262,"column":61}},{"start":{"line":1262,"column":65},"end":{"line":1262,"column":72}}],"line":1262},"103":{"loc":{"start":{"line":1263,"column":64},"end":{"line":1263,"column":88}},"type":"binary-expr","locations":[{"start":{"line":1263,"column":64},"end":{"line":1263,"column":75}},{"start":{"line":1263,"column":79},"end":{"line":1263,"column":88}}],"line":1263},"104":{"loc":{"start":{"line":1264,"column":22},"end":{"line":1264,"column":88}},"type":"cond-expr","locations":[{"start":{"line":1264,"column":35},"end":{"line":1264,"column":83}},{"start":{"line":1264,"column":86},"end":{"line":1264,"column":88}}],"line":1264},"105":{"loc":{"start":{"line":1267,"column":83},"end":{"line":1267,"column":117}},"type":"cond-expr","locations":[{"start":{"line":1267,"column":109},"end":{"line":1267,"column":112}},{"start":{"line":1267,"column":115},"end":{"line":1267,"column":117}}],"line":1267},"106":{"loc":{"start":{"line":1272,"column":18},"end":{"line":1272,"column":116}},"type":"cond-expr","locations":[{"start":{"line":1272,"column":33},"end":{"line":1272,"column":111}},{"start":{"line":1272,"column":114},"end":{"line":1272,"column":116}}],"line":1272},"107":{"loc":{"start":{"line":1278,"column":22},"end":{"line":1286,"column":102}},"type":"cond-expr","locations":[{"start":{"line":1278,"column":60},"end":{"line":1286,"column":31}},{"start":{"line":1286,"column":34},"end":{"line":1286,"column":102}}],"line":1278},"108":{"loc":{"start":{"line":1278,"column":22},"end":{"line":1278,"column":57}},"type":"binary-expr","locations":[{"start":{"line":1278,"column":22},"end":{"line":1278,"column":32}},{"start":{"line":1278,"column":36},"end":{"line":1278,"column":57}}],"line":1278},"109":{"loc":{"start":{"line":1279,"column":40},"end":{"line":1279,"column":83}},"type":"binary-expr","locations":[{"start":{"line":1279,"column":40},"end":{"line":1279,"column":48}},{"start":{"line":1279,"column":52},"end":{"line":1279,"column":65}},{"start":{"line":1279,"column":69},"end":{"line":1279,"column":83}}],"line":1279},"110":{"loc":{"start":{"line":1280,"column":43},"end":{"line":1280,"column":68}},"type":"binary-expr","locations":[{"start":{"line":1280,"column":43},"end":{"line":1280,"column":50}},{"start":{"line":1280,"column":54},"end":{"line":1280,"column":68}}],"line":1280},"111":{"loc":{"start":{"line":1284,"column":60},"end":{"line":1284,"column":79}},"type":"binary-expr","locations":[{"start":{"line":1284,"column":60},"end":{"line":1284,"column":74}},{"start":{"line":1284,"column":78},"end":{"line":1284,"column":79}}],"line":1284},"112":{"loc":{"start":{"line":1284,"column":91},"end":{"line":1284,"column":129}},"type":"cond-expr","locations":[{"start":{"line":1284,"column":121},"end":{"line":1284,"column":124}},{"start":{"line":1284,"column":127},"end":{"line":1284,"column":129}}],"line":1284},"113":{"loc":{"start":{"line":1284,"column":92},"end":{"line":1284,"column":111}},"type":"binary-expr","locations":[{"start":{"line":1284,"column":92},"end":{"line":1284,"column":106}},{"start":{"line":1284,"column":110},"end":{"line":1284,"column":111}}],"line":1284},"114":{"loc":{"start":{"line":1300,"column":2},"end":{"line":1350,"column":3}},"type":"if","locations":[{"start":{"line":1300,"column":2},"end":{"line":1350,"column":3}},{"start":{},"end":{}}],"line":1300},"115":{"loc":{"start":{"line":1316,"column":38},"end":{"line":1316,"column":67}},"type":"cond-expr","locations":[{"start":{"line":1316,"column":51},"end":{"line":1316,"column":62}},{"start":{"line":1316,"column":65},"end":{"line":1316,"column":67}}],"line":1316},"116":{"loc":{"start":{"line":1320,"column":52},"end":{"line":1320,"column":72}},"type":"binary-expr","locations":[{"start":{"line":1320,"column":52},"end":{"line":1320,"column":61}},{"start":{"line":1320,"column":65},"end":{"line":1320,"column":72}}],"line":1320},"117":{"loc":{"start":{"line":1321,"column":22},"end":{"line":1321,"column":88}},"type":"cond-expr","locations":[{"start":{"line":1321,"column":35},"end":{"line":1321,"column":83}},{"start":{"line":1321,"column":86},"end":{"line":1321,"column":88}}],"line":1321},"118":{"loc":{"start":{"line":1324,"column":83},"end":{"line":1324,"column":117}},"type":"cond-expr","locations":[{"start":{"line":1324,"column":109},"end":{"line":1324,"column":112}},{"start":{"line":1324,"column":115},"end":{"line":1324,"column":117}}],"line":1324},"119":{"loc":{"start":{"line":1329,"column":18},"end":{"line":1329,"column":116}},"type":"cond-expr","locations":[{"start":{"line":1329,"column":33},"end":{"line":1329,"column":111}},{"start":{"line":1329,"column":114},"end":{"line":1329,"column":116}}],"line":1329},"120":{"loc":{"start":{"line":1330,"column":18},"end":{"line":1333,"column":28}},"type":"cond-expr","locations":[{"start":{"line":1330,"column":54},"end":{"line":1333,"column":23}},{"start":{"line":1333,"column":26},"end":{"line":1333,"column":28}}],"line":1330},"121":{"loc":{"start":{"line":1330,"column":18},"end":{"line":1330,"column":51}},"type":"binary-expr","locations":[{"start":{"line":1330,"column":18},"end":{"line":1330,"column":27}},{"start":{"line":1330,"column":31},"end":{"line":1330,"column":51}}],"line":1330},"122":{"loc":{"start":{"line":1335,"column":52},"end":{"line":1335,"column":86}},"type":"cond-expr","locations":[{"start":{"line":1335,"column":65},"end":{"line":1335,"column":82}},{"start":{"line":1335,"column":85},"end":{"line":1335,"column":86}}],"line":1335},"123":{"loc":{"start":{"line":1336,"column":22},"end":{"line":1344,"column":117}},"type":"cond-expr","locations":[{"start":{"line":1336,"column":60},"end":{"line":1344,"column":31}},{"start":{"line":1344,"column":34},"end":{"line":1344,"column":117}}],"line":1336},"124":{"loc":{"start":{"line":1336,"column":22},"end":{"line":1336,"column":57}},"type":"binary-expr","locations":[{"start":{"line":1336,"column":22},"end":{"line":1336,"column":32}},{"start":{"line":1336,"column":36},"end":{"line":1336,"column":57}}],"line":1336},"125":{"loc":{"start":{"line":1337,"column":40},"end":{"line":1337,"column":83}},"type":"binary-expr","locations":[{"start":{"line":1337,"column":40},"end":{"line":1337,"column":48}},{"start":{"line":1337,"column":52},"end":{"line":1337,"column":65}},{"start":{"line":1337,"column":69},"end":{"line":1337,"column":83}}],"line":1337},"126":{"loc":{"start":{"line":1338,"column":43},"end":{"line":1338,"column":68}},"type":"binary-expr","locations":[{"start":{"line":1338,"column":43},"end":{"line":1338,"column":50}},{"start":{"line":1338,"column":54},"end":{"line":1338,"column":68}}],"line":1338},"127":{"loc":{"start":{"line":1342,"column":60},"end":{"line":1342,"column":79}},"type":"binary-expr","locations":[{"start":{"line":1342,"column":60},"end":{"line":1342,"column":74}},{"start":{"line":1342,"column":78},"end":{"line":1342,"column":79}}],"line":1342},"128":{"loc":{"start":{"line":1342,"column":91},"end":{"line":1342,"column":129}},"type":"cond-expr","locations":[{"start":{"line":1342,"column":121},"end":{"line":1342,"column":124}},{"start":{"line":1342,"column":127},"end":{"line":1342,"column":129}}],"line":1342},"129":{"loc":{"start":{"line":1342,"column":92},"end":{"line":1342,"column":111}},"type":"binary-expr","locations":[{"start":{"line":1342,"column":92},"end":{"line":1342,"column":106}},{"start":{"line":1342,"column":110},"end":{"line":1342,"column":111}}],"line":1342},"130":{"loc":{"start":{"line":1366,"column":2},"end":{"line":1375,"column":3}},"type":"if","locations":[{"start":{"line":1366,"column":2},"end":{"line":1375,"column":3}},{"start":{"line":1372,"column":9},"end":{"line":1375,"column":3}}],"line":1366},"131":{"loc":{"start":{"line":1369,"column":4},"end":{"line":1371,"column":5}},"type":"if","locations":[{"start":{"line":1369,"column":4},"end":{"line":1371,"column":5}},{"start":{},"end":{}}],"line":1369},"132":{"loc":{"start":{"line":1372,"column":9},"end":{"line":1375,"column":3}},"type":"if","locations":[{"start":{"line":1372,"column":9},"end":{"line":1375,"column":3}},{"start":{},"end":{}}],"line":1372}},"s":{"0":2,"1":2,"2":2,"3":2,"4":2,"5":2,"6":2,"7":2,"8":2,"9":2,"10":0,"11":2,"12":2,"13":2,"14":2,"15":11,"16":11,"17":1,"18":10,"19":1,"20":9,"21":9,"22":9,"23":9,"24":9,"25":9,"26":9,"27":17,"28":17,"29":17,"30":17,"31":17,"32":17,"33":0,"34":17,"35":0,"36":17,"37":17,"38":17,"39":9,"40":9,"41":9,"42":1,"43":1,"44":8,"45":8,"46":8,"47":8,"48":8,"49":0,"50":8,"51":8,"52":8,"53":8,"54":8,"55":8,"56":8,"57":8,"58":8,"59":8,"60":8,"61":8,"62":8,"63":8,"64":8,"65":12,"66":8,"67":8,"68":8,"69":8,"70":3,"71":11,"72":11,"73":11,"74":12,"75":11,"76":8,"77":8,"78":8,"79":8,"80":8,"81":12,"82":8,"83":8,"84":8,"85":8,"86":0,"87":0,"88":8,"89":0,"90":0,"91":0,"92":0,"93":0,"94":0,"95":0,"96":0,"97":0,"98":0,"99":0,"100":0,"101":0,"102":0,"103":0,"104":0,"105":0,"106":0,"107":0,"108":0,"109":0,"110":0,"111":0,"112":0,"113":0,"114":0,"115":0,"116":0,"117":0,"118":0,"119":0,"120":0,"121":0,"122":0,"123":0,"124":0,"125":8,"126":8,"127":8,"128":8,"129":8,"130":8,"131":8,"132":0,"133":0,"134":8,"135":8,"136":8,"137":8,"138":8,"139":8,"140":3,"141":11,"142":8,"143":8,"144":8,"145":0,"146":8,"147":8,"148":8,"149":12,"150":12,"151":12,"152":12,"153":11,"154":0,"155":0,"156":0,"157":11,"158":11,"159":11,"160":11,"161":0,"162":0,"163":0,"164":0,"165":0,"166":11,"167":11,"168":11,"169":11,"170":11,"171":11,"172":11,"173":11,"174":11,"175":11,"176":5,"177":5,"178":6,"179":11,"180":1,"181":1,"182":1,"183":1,"184":8,"185":8,"186":8,"187":8,"188":8,"189":8,"190":0,"191":8,"192":8,"193":8,"194":8,"195":8,"196":8,"197":8,"198":8,"199":8,"200":8,"201":8,"202":8,"203":8,"204":8,"205":8,"206":0,"207":8,"208":8,"209":8,"210":8,"211":8,"212":8,"213":8,"214":8,"215":12,"216":16,"217":12,"218":12,"219":8,"220":8,"221":8,"222":8,"223":8,"224":8,"225":8,"226":8,"227":8,"228":8,"229":8,"230":0,"231":0,"232":0,"233":0,"234":0,"235":0,"236":0,"237":0,"238":0,"239":0,"240":0,"241":0,"242":0,"243":0,"244":0,"245":0,"246":0,"247":0,"248":0,"249":0,"250":0,"251":0,"252":0,"253":0,"254":0,"255":0,"256":0,"257":0,"258":0,"259":0,"260":0,"261":0,"262":0,"263":0,"264":0,"265":0,"266":0,"267":0,"268":0,"269":0,"270":0,"271":0,"272":0,"273":0,"274":0,"275":0,"276":0,"277":0,"278":0,"279":0,"280":0,"281":0,"282":0,"283":0,"284":0,"285":0,"286":0,"287":0,"288":0,"289":0,"290":0,"291":0,"292":0,"293":0,"294":0,"295":0,"296":0,"297":0,"298":0,"299":0,"300":0,"301":0,"302":0,"303":0,"304":0,"305":0,"306":0,"307":0,"308":0,"309":0,"310":0,"311":0,"312":0,"313":0,"314":0,"315":0,"316":0,"317":0,"318":0,"319":0,"320":0,"321":0,"322":0,"323":0,"324":0,"325":0,"326":0,"327":0,"328":0,"329":0,"330":0,"331":0,"332":0,"333":0,"334":0,"335":0,"336":0,"337":0,"338":0,"339":0,"340":0,"341":0,"342":0,"343":0,"344":0,"345":0,"346":0,"347":0,"348":0,"349":0,"350":0,"351":0,"352":0,"353":0,"354":0,"355":0,"356":0,"357":0,"358":0,"359":10,"360":10,"361":10,"362":1,"363":9,"364":9,"365":2},"f":{"0":2,"1":11,"2":17,"3":8,"4":12,"5":3,"6":11,"7":12,"8":12,"9":0,"10":0,"11":0,"12":0,"13":0,"14":0,"15":0,"16":3,"17":11,"18":0,"19":0,"20":12,"21":16,"22":8,"23":0,"24":0,"25":0,"26":0,"27":0,"28":0,"29":0,"30":0,"31":0,"32":0,"33":0,"34":0,"35":0,"36":0,"37":0,"38":0,"39":0,"40":0,"41":0,"42":0,"43":0,"44":0,"45":0,"46":0,"47":0,"48":0,"49":0,"50":0,"51":0,"52":0,"53":0,"54":0,"55":0,"56":0,"57":0,"58":0,"59":10},"b":{"0":[2,0],"1":[1],"2":[2],"3":[1,1],"4":[1,1],"5":[10],"6":[11],"7":[10],"8":[10],"9":[10],"10":[11],"11":[11],"12":[11],"13":[11],"14":[11],"15":[11],"16":[11],"17":[11],"18":[1,10],"19":[1,9],"20":[0,17],"21":[0,17],"22":[17,0],"23":[17,17],"24":[1,8],"25":[1,0],"26":[8,0],"27":[0,8],"28":[8,0],"29":[0,8],"30":[0,0],"31":[0,0],"32":[0,0],"33":[0,0],"34":[0,0],"35":[0,8],"36":[8,0],"37":[0,8],"38":[8,0,0],"39":[8,0],"40":[0,8],"41":[8,0,0],"42":[0,11],"43":[0,0],"44":[0,0],"45":[7,4],"46":[11,4],"47":[4,0],"48":[5,6],"49":[5,6],"50":[8,0],"51":[0,8],"52":[0,8],"53":[8,0],"54":[8,0],"55":[5,7],"56":[0,7],"57":[8,0],"58":[8,8],"59":[8,0],"60":[8,0],"61":[0,0],"62":[0,0],"63":[0,0],"64":[0,0],"65":[0,0],"66":[0,0],"67":[0,0],"68":[0,0],"69":[0,0],"70":[0,0],"71":[0,0,0],"72":[0,0],"73":[0,0],"74":[0,0],"75":[0,0],"76":[0,0],"77":[0,0],"78":[0,0,0],"79":[0,0,0],"80":[0,0],"81":[0,0],"82":[0,0],"83":[0,0],"84":[0,0],"85":[0,0],"86":[0,0],"87":[0,0],"88":[0,0],"89":[0,0],"90":[0,0],"91":[0,0],"92":[0,0],"93":[0,0],"94":[0,0,0],"95":[0,0],"96":[0,0],"97":[0,0],"98":[0,0],"99":[0,0],"100":[0,0],"101":[0,0],"102":[0,0],"103":[0,0],"104":[0,0],"105":[0,0],"106":[0,0],"107":[0,0],"108":[0,0],"109":[0,0,0],"110":[0,0],"111":[0,0],"112":[0,0],"113":[0,0],"114":[0,0],"115":[0,0],"116":[0,0],"117":[0,0],"118":[0,0],"119":[0,0],"120":[0,0],"121":[0,0],"122":[0,0],"123":[0,0],"124":[0,0],"125":[0,0,0],"126":[0,0],"127":[0,0],"128":[0,0],"129":[0,0],"130":[1,9],"131":[1,0],"132":[9,0]},"_coverageSchema":"1a1c01bbd47fc00a2c39e90264f33305004495a9","hash":"1c27c0af082f5d5c94140375ad241370622a8e23"}
,"/Users/larrygoddard/Projects/klassiProjects/klassijs-a11y-validator/src/accessibilityLib.js": {"path":"/Users/larrygoddard/Projects/klassiProjects/klassijs-a11y-validator/src/accessibilityLib.js","statementMap":{"0":{"start":{"line":1,"column":0},"end":{"line":1,"column":27}},"1":{"start":{"line":2,"column":12},"end":{"line":2,"column":31}},"2":{"start":{"line":3,"column":11},"end":{"line":3,"column":24}},"3":{"start":{"line":4,"column":13},"end":{"line":4,"column":28}},"4":{"start":{"line":5,"column":21},"end":{"line":5,"column":49}},"5":{"start":{"line":6,"column":19},"end":{"line":6,"column":47}},"6":{"start":{"line":8,"column":17},"end":{"line":8,"column":18}},"7":{"start":{"line":9,"column":22},"end":{"line":9,"column":23}},"8":{"start":{"line":12,"column":18},"end":{"line":12,"column":48}},"9":{"start":{"line":13,"column":0},"end":{"line":13,"column":42}},"10":{"start":{"line":25,"column":2},"end":{"line":25,"column":48}},"11":{"start":{"line":30,"column":6},"end":{"line":30,"column":13}},"12":{"start":{"line":33,"column":2},"end":{"line":47,"column":3}},"13":{"start":{"line":34,"column":26},"end":{"line":34,"column":58}},"14":{"start":{"line":35,"column":4},"end":{"line":43,"column":5}},"15":{"start":{"line":37,"column":25},"end":{"line":37,"column":47}},"16":{"start":{"line":39,"column":6},"end":{"line":42,"column":7}},"17":{"start":{"line":41,"column":8},"end":{"line":41,"column":55}},"18":{"start":{"line":46,"column":4},"end":{"line":46,"column":65}},"19":{"start":{"line":49,"column":2},"end":{"line":49,"column":52}},"20":{"start":{"line":50,"column":19},"end":{"line":52,"column":4}},"21":{"start":{"line":51,"column":4},"end":{"line":51,"column":38}},"22":{"start":{"line":54,"column":2},"end":{"line":56,"column":3}},"23":{"start":{"line":55,"column":4},"end":{"line":55,"column":16}},"24":{"start":{"line":59,"column":26},"end":{"line":59,"column":59}},"25":{"start":{"line":60,"column":27},"end":{"line":60,"column":61}},"26":{"start":{"line":61,"column":26},"end":{"line":61,"column":61}},"27":{"start":{"line":64,"column":18},"end":{"line":144,"column":4}},"28":{"start":{"line":66,"column":29},"end":{"line":66,"column":56}},"29":{"start":{"line":67,"column":30},"end":{"line":67,"column":58}},"30":{"start":{"line":68,"column":29},"end":{"line":68,"column":81}},"31":{"start":{"line":73,"column":24},"end":{"line":81,"column":5}},"32":{"start":{"line":84,"column":15},"end":{"line":86,"column":19}},"33":{"start":{"line":89,"column":4},"end":{"line":91,"column":5}},"34":{"start":{"line":90,"column":6},"end":{"line":90,"column":65}},"35":{"start":{"line":90,"column":32},"end":{"line":90,"column":63}},"36":{"start":{"line":94,"column":22},"end":{"line":96,"column":5}},"37":{"start":{"line":99,"column":4},"end":{"line":104,"column":5}},"38":{"start":{"line":100,"column":6},"end":{"line":100,"column":27}},"39":{"start":{"line":101,"column":6},"end":{"line":103,"column":9}},"40":{"start":{"line":102,"column":8},"end":{"line":102,"column":53}},"41":{"start":{"line":107,"column":4},"end":{"line":140,"column":7}},"42":{"start":{"line":108,"column":6},"end":{"line":112,"column":7}},"43":{"start":{"line":109,"column":8},"end":{"line":109,"column":49}},"44":{"start":{"line":110,"column":8},"end":{"line":110,"column":52}},"45":{"start":{"line":111,"column":8},"end":{"line":111,"column":15}},"46":{"start":{"line":114,"column":6},"end":{"line":118,"column":7}},"47":{"start":{"line":115,"column":8},"end":{"line":115,"column":49}},"48":{"start":{"line":116,"column":8},"end":{"line":116,"column":47}},"49":{"start":{"line":117,"column":8},"end":{"line":117,"column":15}},"50":{"start":{"line":121,"column":6},"end":{"line":139,"column":7}},"51":{"start":{"line":122,"column":29},"end":{"line":133,"column":9}},"52":{"start":{"line":135,"column":8},"end":{"line":135,"column":27}},"53":{"start":{"line":137,"column":8},"end":{"line":137,"column":64}},"54":{"start":{"line":138,"column":8},"end":{"line":138,"column":53}},"55":{"start":{"line":142,"column":4},"end":{"line":142,"column":47}},"56":{"start":{"line":143,"column":4},"end":{"line":143,"column":16}},"57":{"start":{"line":147,"column":2},"end":{"line":150,"column":3}},"58":{"start":{"line":148,"column":4},"end":{"line":148,"column":73}},"59":{"start":{"line":149,"column":4},"end":{"line":149,"column":16}},"60":{"start":{"line":153,"column":2},"end":{"line":156,"column":3}},"61":{"start":{"line":154,"column":4},"end":{"line":154,"column":47}},"62":{"start":{"line":155,"column":4},"end":{"line":155,"column":16}},"63":{"start":{"line":159,"column":25},"end":{"line":159,"column":51}},"64":{"start":{"line":160,"column":22},"end":{"line":160,"column":50}},"65":{"start":{"line":161,"column":2},"end":{"line":161,"column":48}},"66":{"start":{"line":162,"column":2},"end":{"line":162,"column":85}},"67":{"start":{"line":165,"column":2},"end":{"line":165,"column":85}},"68":{"start":{"line":166,"column":2},"end":{"line":166,"column":32}},"69":{"start":{"line":168,"column":2},"end":{"line":168,"column":17}},"70":{"start":{"line":172,"column":2},"end":{"line":172,"column":20}},"71":{"start":{"line":176,"column":2},"end":{"line":176,"column":25}},"72":{
[...]
ions":[{"start":{"line":612,"column":14},"end":{"line":618,"column":15}},{"start":{},"end":{}}],"line":612},"75":{"loc":{"start":{"line":612,"column":18},"end":{"line":616,"column":15}},"type":"binary-expr","locations":[{"start":{"line":612,"column":18},"end":{"line":612,"column":27}},{"start":{"line":613,"column":16},"end":{"line":613,"column":51}},{"start":{"line":614,"column":16},"end":{"line":614,"column":45}},{"start":{"line":615,"column":16},"end":{"line":615,"column":53}}],"line":612},"76":{"loc":{"start":{"line":629,"column":8},"end":{"line":638,"column":9}},"type":"if","locations":[{"start":{"line":629,"column":8},"end":{"line":638,"column":9}},{"start":{},"end":{}}],"line":629},"77":{"loc":{"start":{"line":629,"column":12},"end":{"line":634,"column":9}},"type":"binary-expr","locations":[{"start":{"line":629,"column":12},"end":{"line":629,"column":29}},{"start":{"line":630,"column":10},"end":{"line":630,"column":53}},{"start":{"line":631,"column":10},"end":{"line":631,"column":47}},{"start":{"line":632,"column":10},"end":{"line":632,"column":55}},{"start":{"line":633,"column":10},"end":{"line":633,"column":60}}],"line":629},"78":{"loc":{"start":{"line":646,"column":6},"end":{"line":653,"column":7}},"type":"if","locations":[{"start":{"line":646,"column":6},"end":{"line":653,"column":7}},{"start":{},"end":{}}],"line":646},"79":{"loc":{"start":{"line":648,"column":8},"end":{"line":652,"column":9}},"type":"if","locations":[{"start":{"line":648,"column":8},"end":{"line":652,"column":9}},{"start":{},"end":{}}],"line":648},"80":{"loc":{"start":{"line":656,"column":6},"end":{"line":660,"column":7}},"type":"if","locations":[{"start":{"line":656,"column":6},"end":{"line":660,"column":7}},{"start":{},"end":{}}],"line":656},"81":{"loc":{"start":{"line":663,"column":6},"end":{"line":667,"column":7}},"type":"if","locations":[{"start":{"line":663,"column":6},"end":{"line":667,"column":7}},{"start":{},"end":{}}],"line":663},"82":{"loc":{"start":{"line":674,"column":6},"end":{"line":687,"column":7}},"type":"if","locations":[{"start":{"line":674,"column":6},"end":{"line":687,"column":7}},{"start":{"line":682,"column":13},"end":{"line":687,"column":7}}],"line":674},"83":{"loc":{"start":{"line":678,"column":18},"end":{"line":678,"column":32}},"type":"binary-expr","locations":[{"start":{"line":678,"column":18},"end":{"line":678,"column":24}},{"start":{"line":678,"column":28},"end":{"line":678,"column":32}}],"line":678},"84":{"loc":{"start":{"line":684,"column":8},"end":{"line":686,"column":9}},"type":"if","locations":[{"start":{"line":684,"column":8},"end":{"line":686,"column":9}},{"start":{},"end":{}}],"line":684},"85":{"loc":{"start":{"line":684,"column":12},"end":{"line":684,"column":52}},"type":"binary-expr","locations":[{"start":{"line":684,"column":12},"end":{"line":684,"column":18}},{"start":{"line":684,"column":22},"end":{"line":684,"column":52}}],"line":684},"86":{"loc":{"start":{"line":690,"column":6},"end":{"line":708,"column":7}},"type":"if","locations":[{"start":{"line":690,"column":6},"end":{"line":708,"column":7}},{"start":{},"end":{}}],"line":690},"87":{"loc":{"start":{"line":692,"column":8},"end":{"line":700,"column":9}},"type":"if","locations":[{"start":{"line":692,"column":8},"end":{"line":700,"column":9}},{"start":{},"end":{}}],"line":692},"88":{"loc":{"start":{"line":701,"column":8},"end":{"line":703,"column":9}},"type":"if","locations":[{"start":{"line":701,"column":8},"end":{"line":703,"column":9}},{"start":{},"end":{}}],"line":701},"89":{"loc":{"start":{"line":705,"column":8},"end":{"line":707,"column":9}},"type":"if","locations":[{"start":{"line":705,"column":8},"end":{"line":707,"column":9}},{"start":{},"end":{}}],"line":705},"90":{"loc":{"start":{"line":711,"column":6},"end":{"line":715,"column":7}},"type":"if","locations":[{"start":{"line":711,"column":6},"end":{"line":715,"column":7}},{"start":{"line":713,"column":13},"end":{"line":715,"column":7}}],"line":711},"91":{"loc":{"start":{"line":712,"column":86},"end":{"line":712,"column":166}},"type":"cond-expr","locations":[{"start":{"line":712,"column":118},"end":{"line":712,"column":161}},{"start":{"line":712,"column":164},"end":{"line":712,"column":166}}],"line":712},"92":{"loc":{"start":{"line":714,"column":98},"end":{"line":714,"column":178}},"type":"cond-expr","locations":[{"start":{"line":714,"column":130},"end":{"line":714,"column":173}},{"start":{"line":714,"column":176},"end":{"line":714,"column":178}}],"line":714},"93":{"loc":{"start":{"line":718,"column":6},"end":{"line":828,"column":7}},"type":"if","locations":[{"start":{"line":718,"column":6},"end":{"line":828,"column":7}},{"start":{},"end":{}}],"line":718},"94":{"loc":{"start":{"line":718,"column":10},"end":{"line":718,"column":69}},"type":"binary-expr","locations":[{"start":{"line":718,"column":10},"end":{"line":718,"column":26}},{"start":{"line":718,"column":30},"end":{"line":718,"column":69}}],"line":718},"95":{"loc":{"start":{"line":738,"column":8},"end":{"line":746,"column":9}},"type":"if","locations":[{"start":{"line":738,"column":8},"end":{"line":746,"column":9}},{"start":{},"end":{}}],"line":738},"96":{"loc":{"start":{"line":756,"column":10},"end":{"line":759,"column":11}},"type":"if","locations":[{"start":{"line":756,"column":10},"end":{"line":759,"column":11}},{"start":{},"end":{}}],"line":756},"97":{"loc":{"start":{"line":756,"column":14},"end":{"line":756,"column":74}},"type":"binary-expr","locations":[{"start":{"line":756,"column":14},"end":{"line":756,"column":29}},{"start":{"line":756,"column":33},"end":{"line":756,"column":74}}],"line":756},"98":{"loc":{"start":{"line":762,"column":10},"end":{"line":769,"column":11}},"type":"if","locations":[{"start":{"line":762,"column":10},"end":{"line":769,"column":11}},{"start":{},"end":{}}],"line":762},"99":{"loc":{"start":{"line":765,"column":12},"end":{"line":767,"column":13}},"type":"if","locations":[{"start":{"line":765,"column":12},"end":{"line":767,"column":13}},{"start":{},"end":{}}],"line":765},"100":{"loc":{"start":{"line":765,"column":16},"end":{"line":765,"column":99}},"type":"binary-expr","locations":[{"start":{"line":765,"column":16},"end":{"line":765,"column":38}},{"start":{"line":765,"column":42},"end":{"line":765,"column":99}}],"line":765},"101":{"loc":{"start":{"line":772,"column":10},"end":{"line":779,"column":11}},"type":"if","locations":[{"start":{"line":772,"column":10},"end":{"line":779,"column":11}},{"start":{},"end":{}}],"line":772},"102":{"loc":{"start":{"line":775,"column":12},"end":{"line":777,"column":13}},"type":"if","locations":[{"start":{"line":775,"column":12},"end":{"line":777,"column":13}},{"start":{},"end":{}}],"line":775},"103":{"loc":{"start":{"line":775,"column":16},"end":{"line":775,"column":99}},"type":"binary-expr","locations":[{"start":{"line":775,"column":16},"end":{"line":775,"column":38}},{"start":{"line":775,"column":42},"end":{"line":775,"column":99}}],"line":775},"104":{"loc":{"start":{"line":781,"column":10},"end":{"line":783,"column":11}},"type":"if","locations":[{"start":{"line":781,"column":10},"end":{"line":783,"column":11}},{"start":{},"end":{}}],"line":781},"105":{"loc":{"start":{"line":788,"column":12},"end":{"line":791,"column":13}},"type":"if","locations":[{"start":{"line":788,"column":12},"end":{"line":791,"column":13}},{"start":{},"end":{}}],"line":788},"106":{"loc":{"start":{"line":803,"column":10},"end":{"line":811,"column":11}},"type":"if","locations":[{"start":{"line":803,"column":10},"end":{"line":811,"column":11}},{"start":{},"end":{}}],"line":803},"107":{"loc":{"start":{"line":814,"column":10},"end":{"line":816,"column":11}},"type":"if","locations":[{"start":{"line":814,"column":10},"end":{"line":816,"column":11}},{"start":{},"end":{}}],"line":814},"108":{"loc":{"start":{"line":817,"column":10},"end":{"line":819,"column":11}},"type":"if","locations":[{"start":{"line":817,"column":10},"end":{"line":819,"column":11}},{"start":{},"end":{}}],"line":817},"109":{"loc":{"start":{"line":823,"column":8},"end":{"line":827,"column":9}},"type":"if","locations":[{"start":{"line":823,"column":8},"end":{"line":827,"column":9}},{"start":{"line":825,"column":15},"end":{"line":827,"column":9}}],"line":823},"110":{"loc":{"start":{"line":831,"column":6},"end":{"line":839,"column":7}},"type":"if","locations":[{"start":{"line":831,"column":6},"end":{"line":839,"column":7}},{"start":{},"end":{}}],"line":831},"111":{"loc":{"start":{"line":842,"column":6},"end":{"line":857,"column":7}},"type":"if","locations":[{"start":{"line":842,"column":6},"end":{"line":857,"column":7}},{"start":{},"end":{}}],"line":842},"112":{"loc":{"start":{"line":842,"column":10},"end":{"line":848,"column":7}},"type":"binary-expr","locations":[{"start":{"line":842,"column":10},"end":{"line":842,"column":23}},{"start":{"line":843,"column":8},"end":{"line":843,"column":47}},{"start":{"line":844,"column":8},"end":{"line":844,"column":41}},{"start":{"line":845,"column":8},"end":{"line":845,"column":49}},{"start":{"line":846,"column":8},"end":{"line":846,"column":51}},{"start":{"line":847,"column":8},"end":{"line":847,"column":54}}],"line":842},"113":{"loc":{"start":{"line":872,"column":2},"end":{"line":877,"column":3}},"type":"if","locations":[{"start":{"line":872,"column":2},"end":{"line":877,"column":3}},{"start":{},"end":{}}],"line":872},"114":{"loc":{"start":{"line":872,"column":6},"end":{"line":872,"column":75}},"type":"binary-expr","locations":[{"start":{"line":872,"column":6},"end":{"line":872,"column":18}},{"start":{"line":872,"column":22},"end":{"line":872,"column":49}},{"start":{"line":872,"column":53},"end":{"line":872,"column":75}}],"line":872},"115":{"loc":{"start":{"line":885,"column":18},"end":{"line":885,"column":38}},"type":"binary-expr","locations":[{"start":{"line":885,"column":18},"end":{"line":885,"column":33}},{"start":{"line":885,"column":37},"end":{"line":885,"column":38}}],"line":885},"116":{"loc":{"start":{"line":886,"column":4},"end":{"line":888,"column":5}},"type":"if","locations":[{"start":{"line":886,"column":4},"end":{"line":888,"column":5}},{"start":{},"end":{}}],"line":886},"117":{"loc":{"start":{"line":910,"column":4},"end":{"line":914,"column":5}},"type":"if","locations":[{"start":{"line":910,"column":4},"end":{"line":914,"column":5}},{"start":{},"end":{}}],"line":910},"118":{"loc":{"start":{"line":917,"column":4},"end":{"line":921,"column":5}},"type":"if","locations":[{"start":{"line":917,"column":4},"end":{"line":921,"column":5}},{"start":{},"end":{}}],"line":917},"119":{"loc":{"start":{"line":924,"column":4},"end":{"line":926,"column":5}},"type":"if","locations":[{"start":{"line":924,"column":4},"end":{"line":926,"column":5}},{"start":{},"end":{}}],"line":924},"120":{"loc":{"start":{"line":929,"column":2},"end":{"line":932,"column":3}},"type":"if","locations":[{"start":{"line":929,"column":2},"end":{"line":932,"column":3}},{"start":{},"end":{}}],"line":929},"121":{"loc":{"start":{"line":934,"column":2},"end":{"line":937,"column":3}},"type":"if","locations":[{"start":{"line":934,"column":2},"end":{"line":937,"column":3}},{"start":{},"end":{}}],"line":934},"122":{"loc":{"start":{"line":940,"column":2},"end":{"line":943,"column":3}},"type":"if","locations":[{"start":{"line":940,"column":2},"end":{"line":943,"column":3}},{"start":{},"end":{}}],"line":940},"123":{"loc":{"start":{"line":940,"column":6},"end":{"line":940,"column":61}},"type":"binary-expr","locations":[{"start":{"line":940,"column":6},"end":{"line":940,"column":31}},{"start":{"line":940,"column":35},"end":{"line":940,"column":61}}],"line":940}},"s":{"0":43,"1":0,"2":43,"3":43,"4":43,"5":43,"6":0,"7":43,"8":0,"9":0,"10":0,"11":0,"12":0,"13":0,"14":9,"15":1,"16":8,"17":8,"18":8,"19":0,"20":0,"21":0,"22":8,"23":8,"24":8,"25":8,"26":0,"27":0,"28":0,"29":0,"30":0,"31":0,"32":0,"33":0,"34":0,"35":8,"36":8,"37":0,"38":8,"39":0,"40":0,"41":0,"42":0,"43":8,"44":8,"45":21,"46":21,"47":18,"48":0,"49":18,"50":2,"51":16,"52":1,"53":15,"54":0,"55":15,"56":3,"57":3,"58":3,"59":0,"60":3,"61":0,"62":3,"63":0,"64":3,"65":0,"66":21,"67":3,"68":18,"69":0,"70":18,"71":0,"72":18,"73":18,"74":18,"75":18,"76":0,"77":18,"78":18,"79":0,"80":8,"81":8,"82":15,"83":15,"84":0,"85":8,"86":8,"87":0,"88":0,"89":0,"90":0,"91":0,"92":0,"93":0,"94":0,"95":0,"96":0,"97":0,"98":0,"99":0,"100":0,"101":0,"102":0,"103":0,"104":0,"105":0,"106":0,"107":0,"108":0,"109":0,"110":0,"111":0,"112":0,"113":0,"114":0,"115":0,"116":0,"117":0,"118":0,"119":0,"120":0,"121":0,"122":0,"123":0,"124":0,"125":0,"126":0,"127":0,"128":0,"129":0,"130":0,"131":0,"132":0,"133":0,"134":0,"135":0,"136":0,"137":0,"138":0,"139":0,"140":0,"141":0,"142":0,"143":0,"144":0,"145":0,"146":0,"147":36,"148":0,"149":36,"150":36,"151":36,"152":36,"153":1512,"154":107,"155":0,"156":107,"157":107,"158":107,"159":107,"160":107,"161":0,"162":0,"163":0,"164":0,"165":0,"166":102,"167":0,"168":102,"169":102,"170":102,"171":101,"172":1,"173":0,"174":1,"175":0,"176":6,"177":6,"178":1,"179":5,"180":5,"181":5,"182":0,"183":0,"184":0,"185":5,"186":5,"187":5,"188":5,"189":5,"190":5,"191":5,"192":5,"193":5,"194":0,"195":5,"196":5,"197":5,"198":5,"199":0,"200":5,"201":11,"202":11,"203":6,"204":6,"205":11,"206":11,"207":0,"208":11,"209":4,"210":4,"211":4,"212":0,"213":11,"214":2,"215":9,"216":9,"217":9,"218":9,"219":9,"220":0,"221":0,"222":0,"223":0,"224":9,"225":0,"226":9,"227":9,"228":9,"229":9,"230":9,"231":0,"232":9,"233":1,"234":0,"235":0,"236":0,"237":0,"238":0,"239":1,"240":8,"241":8,"242":0,"243":0,"244":0,"245":0,"246":0,"247":0,"248":0,"249":0,"250":0,"251":0,"252":0,"253":0,"254":0,"255":0,"256":8,"257":0,"258":0,"259":0,"260":0,"261":0,"262":8,"263":0,"264":0,"265":0,"266":8,"267":0,"268":0,"269":0,"270":8,"271":8,"272":8,"273":4,"274":4,"275":0,"276":8,"277":4,"278":0,"279":4,"280":0,"281":4,"282":0,"283":8,"284":0,"285":8,"286":8,"287":5,"288":5,"289":5,"290":5,"291":5,"292":5,"293":0,"294":5,"295":5,"296":0,"297":0,"298":0,"299":5,"300":0,"301":5,"302":5,"303":5,"304":9,"305":9,"306":0,"307":0,"308":9,"309":2,"310":2,"311":2,"312":2,"313":7,"314":0,"315":0,"316":0,"317":0,"318":7,"319":0,"320":7,"321":7,"322":0,"323":0,"324":7,"325":7,"326":0,"327":0,"328":7,"329":5,"330":7,"331":7,"332":7,"333":7,"334":5,"335":5,"336":0,"337":5,"338":8,"339":0,"340":1,"341":0,"342":0,"343":0,"344":0,"345":0,"346":0,"347":1,"348":1,"349":5,"350":5,"351":5,"352":5,"353":1,"354":1,"355":1,"356":1,"357":1,"358":1,"359":5,"360":5,"361":5,"362":8,"363":8,"364":8,"365":7,"366":8,"367":5,"368":5,"369":3,"370":7,"371":5,"372":5,"373":5,"374":5,"375":5,"376":5,"377":5,"378":5,"379":8,"380":0,"381":0,"382":0,"383":8,"384":0,"385":0,"386":0,"387":8,"388":8,"389":8,"390":5,"391":0,"392":0,"393":5,"394":0,"395":0,"396":5,"397":5,"398":5,"399":5,"400":5,"401":8,"402":8,"403":5,"404":3,"405":2},"f":{"0":43,"1":9,"2":0,"3":0,"4":0,"5":8,"6":0,"7":21,"8":21,"9":18,"10":18,"11":15,"12":0,"13":0,"14":0,"15":0,"16":0,"17":0,"18":0,"19":0,"20":36,"21":1512,"22":107,"23":102,"24":6,"25":6,"26":4,"27":9,"28":0,"29":0,"30":0,"31":5,"32":0,"33":1,"34":1,"35":8,"36":3,"37":7,"38":8,"39":8},"b":{"0":[0,43],"1":[0,43],"2":[43,33],"3":[0,0],"4":[0,0],"5":[0,0],"6":[1,8],"7":[0,0],"8":[0,0,0,0],"9":[8,0],"10":[0,0],"11":[0,0],"12":[0,0],"13":[0,0],"14":[0,0,0,0,0],"15":[0,18],"16":[18,1,0],"17":[2,16],"18":[1,15],"19":[0,15],"20":[3,0],"21":[0,3],"22":[0,3],"23":[3,18],"24":[0,18],"25":[0,18],"26":[18,18,18],"27":[0,18],"28":[0],"29":[0,0],"30":[0,0],"31":[0,0],"32":[0,0],"33":[0,0],"34":[0,0],"35":[0,0],"36":[0,0],"37":[0,0],"38":[0,0],"39":[0,0],"40":[0],"41":[0,0],"42":[0,0,0],"43":[0,36],"44":[0,107],"45":[0,0],"46":[0,0],"47":[0,102],"48":[102,102],"49":[101,1],"50":[0,1],"51":[1],"52":[1],"53":[1],"54":[5],"55":[6],"56":[6],"57":[6],"58":[1,5],"59":[0,5],"60":[0,0],"61":[0,0],"62":[5,5],"63":[0,5],"64":[0,5],"65":[0,5],"66":[16,12],"67":[6,5],"68":[0,11],"69":[11,11],"70":[2,9],"71":[0,9],"72":[0,1],"73":[1,1,1,1,1],"74":[0,0],"75":[0,0,0,0],"76":[0,0],"77":[0,0,0,0,0],"78":[0,8],"79":[0,0],"80":[0,8],"81":[0,8],"82":[4,4],"83":[4,4],"84":[0,4],"85":[4,4],"86":[4,4],"87":[0,4],"88":[0,4],"89":[0,4],"90":[0,8],"91":[0,0],"92":[4,4],"93":[5,3],"94":[8,7],"95":[0,5],"96":[0,9],"97":[9,9],"98":[2,7],"99":[2,0],"100":[2,2],"101":[0,7],"102":[0,0],"103":[0,0],"104":[0,7],"105":[0,7],"106":[5,2],"107":[7,0],"108":[7,0],"109":[0,5],"110":[0,8],"111":[0,1],"112":[1,1,1,1,1,1],"113":[1,4],"114":[5,5,2],"115":[8,4],"116":[7,1],"117":[0,8],"118":[0,8],"119":[8,0],"120":[0,5],"121":[0,5],"122":[5,0],"123":[5,5]},"_coverageSchema":"1a1c01bbd47fc00a2c39e90264f33305004495a9","hash":"1c6ac0c615af0a4249c807e870b34b464dec4823"}
,"/Users/larrygoddard/Projects/klassiProjects/klassijs-a11y-validator/utils/dateTime.js": {"path":"/Users/larrygoddard/Projects/klassiProjects/klassijs-a11y-validator/utils/dateTime.js","statementMap":{"0":{"start":{"line":2,"column":16},"end":{"line":2,"column":26}},"1":{"start":{"line":3,"column":11},"end":{"line":3,"column":26}},"2":{"start":{"line":4,"column":11},"end":{"line":4,"column":31}},"3":{"start":{"line":5,"column":15},"end":{"line":5,"column":34}},"4":{"start":{"line":6,"column":14},"end":{"line":6,"column":30}},"5":{"start":{"line":7,"column":16},"end":{"line":7,"column":34}},"6":{"start":{"line":8,"column":16},"end":{"line":8,"column":34}},"7":{"start":{"line":9,"column":21},"end":{"line":9,"column":44}},"8":{"start":{"line":11,"column":2},"end":{"line":13,"column":3}},"9":{"start":{"line":12,"column":4},"end":{"line":12,"column":18}},"10":{"start":{"line":14,"column":2},"end":{"line":16,"column":3}},"11":{"start":{"line":15,"column":4},"end":{"line":15,"column":18}},"12":{"start":{"line":17,"column":2},"end":{"line":19,"column":3}},"13":{"start":{"line":18,"column":4},"end":{"line":18,"column":24}},"14":{"start":{"line":20,"column":2},"end":{"line":22,"column":3}},"15":{"start":{"line":21,"column":4},"end":{"line":21,"column":28}},"16":{"start":{"line":23,"column":2},"end":{"line":25,"column":3}},"17":{"start":{"line":24,"column":4},"end":{"line":24,"column":28}},"18":{"start":{"line":26,"column":2},"end":{"line":28,"column":3}},"19":{"start":{"line":27,"column":4},"end":{"line":27,"column":38}},"20":{"start":{"line":29,"column":2},"end":{"line":29,"column":75}},"21":{"start":{"line":32,"column":0},"end":{"line":32,"column":30}}},"fnMap":{"0":{"name":"dateTime","decl":{"start":{"line":1,"column":15},"end":{"line":1,"column":23}},"loc":{"start":{"line":1,"column":26},"end":{"line":30,"column":1}},"line":1}},"branchMap":{"0":{"loc":{"start":{"line":11,"column":2},"end":{"line":13,"column":3}},"type":"if","locations":[{"start":{"line":11,"column":2},"end":{"line":13,"column":3}},{"start":{},"end":{}}],"line":11},"1":{"loc":{"start":{"line":14,"column":2},"end":{"line":16,"column":3}},"type":"if","locations":[{"start":{"line":14,"column":2},"end":{"line":16,"column":3}},{"start":{},"end":{}}],"line":14},"2":{"loc":{"start":{"line":17,"column":2},"end":{"line":19,"column":3}},"type":"if","locations":[{"start":{"line":17,"column":2},"end":{"line":19,"column":3}},{"start":{},"end":{}}],"line":17},"3":{"loc":{"start":{"line":20,"column":2},"end":{"line":22,"column":3}},"type":"if","locations":[{"start":{"line":20,"column":2},"end":{"line":22,"column":3}},{"start":{},"end":{}}],"line":20},"4":{"loc":{"start":{"line":23,"column":2},"end":{"line":25,"column":3}},"type":"if","locations":[{"start":{"line":23,"column":2},"end":{"line":25,"column":3}},{"start":{},"end":{}}],"line":23},"5":{"loc":{"start":{"line":26,"column":2},"end":{"line":28,"column":3}},"type":"if","locations":[{"start":{"line":26,"column":2},"end":{"line":28,"column":3}},{"start":{},"end":{}}],"line":26}},"s":{"0":18,"1":18,"2":18,"3":18,"4":18,"5":18,"6":18,"7":18,"8":18,"9":1,"10":18,"11":17,"12":18,"13":1,"14":18,"15":1,"16":18,"17":17,"18":18,"19":2,"20":18,"21":4},"f":{"0":18},"b":{"0":[1,17],"1":[17,1],"2":[1,17],"3":[1,17],"4":[17,1],"5":[2,16]},"_coverageSchema":"1a1c01bbd47fc00a2c39e90264f33305004495a9","hash":"943c28a124606b98ccaa6e771ccf8108c6886a68"}
}
