TN:
SF:index.js
FN:24,a11yValidator
FN:61,a11yValidatorFromUrl
FN:108,(anonymous_2)
FN:139,(anonymous_3)
FN:178,(anonymous_4)
FN:187,(anonymous_5)
FN:187,(anonymous_6)
FN:190,(anonymous_7)
FN:235,(anonymous_8)
FN:268,(anonymous_9)
FN:273,(anonymous_10)
FN:278,(anonymous_11)
FN:283,(anonymous_12)
FN:295,(anonymous_13)
FN:295,(anonymous_14)
FN:317,(anonymous_15)
FN:356,(anonymous_16)
FN:356,(anonymous_17)
FN:393,(anonymous_18)
FN:394,(anonymous_19)
FN:522,(anonymous_20)
FN:523,(anonymous_21)
FN:541,generateComprehensiveReport
FN:562,(anonymous_23)
FN:595,(anonymous_24)
FN:597,(anonymous_25)
FN:627,(anonymous_26)
FN:661,(anonymous_27)
FN:662,(anonymous_28)
FN:665,(anonymous_29)
FN:666,(anonymous_30)
FN:671,(anonymous_31)
FN:672,(anonymous_32)
FN:675,(anonymous_33)
FN:676,(anonymous_34)
FN:680,(anonymous_35)
FN:683,(anonymous_36)
FN:706,(anonymous_37)
FN:727,generateSummaryHTML
FN:858,(anonymous_39)
FN:865,(anonymous_40)
FN:871,(anonymous_41)
FN:872,(anonymous_42)
FN:880,(anonymous_43)
FN:883,(anonymous_44)
FN:894,(anonymous_45)
FN:897,(anonymous_46)
FN:903,(anonymous_47)
FN:980,(anonymous_48)
FN:986,(anonymous_49)
FN:1200,(anonymous_50)
FN:1220,(anonymous_51)
FN:1224,(anonymous_52)
FN:1254,(anonymous_53)
FN:1274,(anonymous_54)
FN:1278,(anonymous_55)
FN:1313,(anonymous_56)
FN:1332,(anonymous_57)
FN:1336,(anonymous_58)
FN:1363,accessibilityError
FNF:60
FNH:15
FNDA:2,a11yValidator
FNDA:11,a11yValidatorFromUrl
FNDA:17,(anonymous_2)
FNDA:8,(anonymous_3)
FNDA:12,(anonymous_4)
FNDA:3,(anonymous_5)
FNDA:11,(anonymous_6)
FNDA:12,(anonymous_7)
FNDA:12,(anonymous_8)
FNDA:0,(anonymous_9)
FNDA:0,(anonymous_10)
FNDA:0,(anonymous_11)
FNDA:0,(anonymous_12)
FNDA:0,(anonymous_13)
FNDA:0,(anonymous_14)
FNDA:0,(anonymous_15)
FNDA:3,(anonymous_16)
FNDA:11,(anonymous_17)
FNDA:0,(anonymous_18)
FNDA:0,(anonymous_19)
FNDA:12,(anonymous_20)
FNDA:16,(anonymous_21)
FNDA:8,generateComprehensiveReport
FNDA:0,(anonymous_23)
FNDA:0,(anonymous_24)
FNDA:0,(anonymous_25)
FNDA:0,(anonymous_26)
FNDA:0,(anonymous_27)
FNDA:0,(anonymous_28)
FNDA:0,(anonymous_29)
FNDA:0,(anonymous_30)
FNDA:0,(anonymous_31)
FNDA:0,(anonymous_32)
FNDA:0,(anonymous_33)
FNDA:0,(anonymous_34)
FNDA:0,(anonymous_35)
FNDA:0,(anonymous_36)
FNDA:0,(anonymous_37)
FNDA:0,generateSummaryHTML
FNDA:0,(anonymous_39)
FNDA:0,(anonymous_40)
FNDA:0,(anonymous_41)
FNDA:0,(anonymous_42)
FNDA:0,(anonymous_43)
FNDA:0,(anonymous_44)
FNDA:0,(anonymous_45)
FNDA:0,(anonymous_46)
FNDA:0,(anonymous_47)
FNDA:0,(anonymous_48)
FNDA:0,(anonymous_49)
FNDA:0,(anonymous_50)
FNDA:0,(anonymous_51)
FNDA:0,(anonymous_52)
FNDA:0,(anonymous_53)
FNDA:0,(anonymous_54)
FNDA:0,(anonymous_55)
FNDA:0,(anonymous_56)
FNDA:0,(anonymous_57)
FNDA:0,(anonymous_58)
FNDA:10,accessibilityError
DA:1,2
DA:2,2
DA:4,2
DA:5,2
DA:6,2
DA:8,2
DA:9,2
DA:10,2
DA:11,2
DA:12,2
DA:13,0
DA:26,2
DA:27,2
DA:30,2
DA:31,2
DA:75,11
DA:77,11
DA:78,1
DA:81,10
DA:82,1
DA:85,9
DA:88,9
DA:91,9
DA:94,9
DA:104,9
DA:105,9
DA:108,9
DA:109,17
DA:110,17
DA:111,17
DA:112,17
DA:114,17
DA:115,17
DA:116,17
DA:117,17
DA:119,17
DA:122,9
DA:124,9
DA:126,9
DA:127,1
DA:128,1
DA:139,8
DA:140,8
DA:141,8
DA:142,8
DA:145,8
DA:146,0
DA:149,8
DA:150,8
DA:153,8
DA:154,8
DA:164,8
DA:165,8
DA:168,8
DA:169,8
DA:170,8
DA:171,8
DA:172,8
DA:173,8
DA:176,8
DA:177,8
DA:178,8
DA:179,12
DA:182,8
DA:183,8
DA:184,8
DA:187,8
DA:188,11
DA:189,11
DA:190,11
DA:191,12
DA:193,11
DA:196,8
DA:197,8
DA:200,8
DA:201,8
DA:235,8
DA:236,12
DA:242,8
DA:248,8
DA:249,8
DA:251,8
DA:257,0
DA:258,0
DA:263,8
DA:265,0
DA:268,0
DA:269,0
DA:270,0
DA:273,0
DA:274,0
DA:275,0
DA:278,0
DA:279,0
DA:280,0
DA:283,0
DA:285,0
DA:286,0
DA:287,0
DA:288,0
DA:289,0
DA:290,0
DA:291,0
DA:293,0
DA:294,0
DA:295,0
DA:296,0
DA:300,0
DA:301,0
DA:302,0
DA:303,0
DA:305,0
DA:306,0
DA:307,0
DA:308,0
DA:309,0
DA:310,0
DA:312,0
DA:317,0
DA:334,8
DA:338,8
DA:340,8
DA:341,8
DA:342,8
DA:343,8
DA:344,8
DA:345,0
DA:346,0
DA:348,8
DA:350,8
DA:351,8
DA:354,8
DA:355,8
DA:356,8
DA:357,11
DA:361,8
DA:363,8
DA:377,8
DA:378,0
DA:380,8
DA:383,8
DA:384,12
DA:385,12
DA:386,12
DA:389,12
DA:392,11
DA:394,0
DA:395,0
DA:404,11
DA:407,11
DA:408,11
DA:409,11
DA:410,0
DA:412,0
DA:416,0
DA:418,0
DA:423,0
DA:427,11
DA:428,11
DA:433,11
DA:439,11
DA:440,11
DA:441,11
DA:443,11
DA:450,11
DA:451,11
DA:453,11
DA:454,5
DA:455,5
DA:461,6
DA:464,11
DA:467,1
DA:468,1
DA:474,1
DA:475,1
DA:479,8
DA:480,8
DA:481,8
DA:482,8
DA:483,8
DA:484,8
DA:485,0
DA:487,8
DA:488,8
DA:489,8
DA:492,8
DA:495,8
DA:496,8
DA:497,8
DA:500,8
DA:503,8
DA:505,8
DA:506,8
DA:507,8
DA:508,8
DA:509,8
DA:510,8
DA:511,0
DA:513,8
DA:515,8
DA:516,8
DA:517,8
DA:518,8
DA:520,8
DA:521,8
DA:522,8
DA:523,16
DA:524,12
DA:525,12
DA:529,8
DA:531,8
DA:542,8
DA:543,8
DA:544,8
DA:545,8
DA:546,8
DA:547,8
DA:550,8
DA:551,8
DA:552,8
DA:556,0
DA:557,0
DA:561,0
DA:562,0
DA:564,0
DA:565,0
DA:566,0
DA:569,0
DA:570,0
DA:571,0
DA:572,0
DA:575,0
DA:576,0
DA:578,0
DA:587,0
DA:592,0
DA:593,0
DA:595,0
DA:597,0
DA:598,0
DA:599,0
DA:600,0
DA:612,0
DA:614,0
DA:615,0
DA:616,0
DA:622,0
DA:627,0
DA:628,0
DA:629,0
DA:630,0
DA:642,0
DA:644,0
DA:645,0
DA:646,0
DA:652,0
DA:657,0
DA:658,0
DA:659,0
DA:661,0
DA:662,0
DA:665,0
DA:666,0
DA:670,0
DA:671,0
DA:672,0
DA:674,0
DA:675,0
DA:676,0
DA:679,0
DA:680,0
DA:682,0
DA:683,0
DA:686,0
DA:687,0
DA:690,0
DA:706,0
DA:709,0
DA:710,0
DA:711,0
DA:714,0
DA:715,0
DA:716,0
DA:717,0
DA:720,0
DA:728,0
DA:730,0
DA:858,0
DA:864,0
DA:865,0
DA:866,0
DA:867,0
DA:870,0
DA:871,0
DA:872,0
DA:873,0
DA:874,0
DA:876,0
DA:879,0
DA:880,0
DA:883,0
DA:884,0
DA:887,0
DA:894,0
DA:897,0
DA:903,0
DA:981,0
DA:982,0
DA:986,0
DA:1187,0
DA:1188,0
DA:1200,0
DA:1201,0
DA:1202,0
DA:1203,0
DA:1220,0
DA:1225,0
DA:1226,0
DA:1227,0
DA:1237,0
DA:1241,0
DA:1242,0
DA:1254,0
DA:1255,0
DA:1256,0
DA:1257,0
DA:1274,0
DA:1279,0
DA:1280,0
DA:1281,0
DA:1291,0
DA:1293,0
DA:1300,0
DA:1301,0
DA:1313,0
DA:1314,0
DA:1315,0
DA:1332,0
DA:1337,0
DA:1338,0
DA:1339,0
DA:1349,0
DA:1352,0
DA:1357,0
DA:1364,10
DA:1365,10
DA:1366,10
DA:1369,1
DA:1372,9
DA:1373,9
DA:1378,2
LF:351
LH:177
BRDA:9,0,0,2
BRDA:9,0,1,0
BRDA:24,1,0,1
BRDA:24,2,0,2
BRDA:26,3,0,1
BRDA:26,3,1,1
BRDA:27,4,0,1
BRDA:27,4,1,1
BRDA:61,5,0,10
BRDA:63,6,0,11
BRDA:64,7,0,10
BRDA:65,8,0,10
BRDA:66,9,0,10
BRDA:67,10,0,11
BRDA:68,11,0,11
BRDA:69,12,0,11
BRDA:70,13,0,11
BRDA:71,14,0,11
BRDA:72,15,0,11
BRDA:73,16,0,11
BRDA:74,17,0,11
BRDA:77,18,0,1
BRDA:77,18,1,10
BRDA:81,19,0,1
BRDA:81,19,1,9
BRDA:115,20,0,0
BRDA:115,20,1,17
BRDA:116,21,0,0
BRDA:116,21,1,17
BRDA:117,22,0,17
BRDA:117,22,1,0
BRDA:117,23,0,17
BRDA:117,23,1,17
BRDA:126,24,0,1
BRDA:126,24,1,8
BRDA:134,25,0,1
BRDA:134,25,1,0
BRDA:141,26,0,8
BRDA:141,26,1,0
BRDA:145,27,0,0
BRDA:145,27,1,8
BRDA:161,28,0,8
BRDA:161,28,1,0
BRDA:263,29,0,0
BRDA:263,29,1,8
BRDA:270,30,0,0
BRDA:270,30,1,0
BRDA:275,31,0,0
BRDA:275,31,1,0
BRDA:280,32,0,0
BRDA:280,32,1,0
BRDA:283,33,0,0
BRDA:283,33,1,0
BRDA:293,34,0,0
BRDA:293,34,1,0
BRDA:334,35,0,0
BRDA:334,35,1,8
BRDA:334,36,0,8
BRDA:334,36,1,0
BRDA:344,37,0,0
BRDA:344,37,1,8
BRDA:344,38,0,8
BRDA:344,38,1,0
BRDA:344,38,2,0
BRDA:354,39,0,8
BRDA:354,39,1,0
BRDA:377,40,0,0
BRDA:377,40,1,8
BRDA:377,41,0,8
BRDA:377,41,1,0
BRDA:377,41,2,0
BRDA:409,42,0,0
BRDA:409,42,1,11
BRDA:412,43,0,0
BRDA:412,43,1,0
BRDA:412,44,0,0
BRDA:412,44,1,0
BRDA:428,45,0,7
BRDA:428,45,1,4
BRDA:428,46,0,11
BRDA:428,46,1,4
BRDA:430,47,0,4
BRDA:430,47,1,0
BRDA:447,48,0,5
BRDA:447,48,1,6
BRDA:453,49,0,5
BRDA:453,49,1,6
BRDA:483,50,0,8
BRDA:483,50,1,0
BRDA:484,51,0,0
BRDA:484,51,1,8
BRDA:510,52,0,0
BRDA:510,52,1,8
BRDA:513,53,0,8
BRDA:513,53,1,0
BRDA:520,54,0,8
BRDA:520,54,1,0
BRDA:524,55,0,5
BRDA:524,55,1,7
BRDA:524,56,0,0
BRDA:524,56,1,7
BRDA:543,57,0,8
BRDA:543,57,1,0
BRDA:544,58,0,8
BRDA:544,58,1,8
BRDA:545,59,0,8
BRDA:545,59,1,0
BRDA:550,60,0,8
BRDA:550,60,1,0
BRDA:556,61,0,0
BRDA:556,61,1,0
BRDA:564,62,0,0
BRDA:564,62,1,0
BRDA:576,63,0,0
BRDA:576,63,1,0
BRDA:581,64,0,0
BRDA:581,64,1,0
BRDA:582,65,0,0
BRDA:582,65,1,0
BRDA:583,66,0,0
BRDA:583,66,1,0
BRDA:584,67,0,0
BRDA:584,67,1,0
BRDA:599,68,0,0
BRDA:599,68,1,0
BRDA:606,69,0,0
BRDA:606,69,1,0
BRDA:612,70,0,0
BRDA:612,70,1,0
BRDA:614,71,0,0
BRDA:614,71,1,0
BRDA:614,71,2,0
BRDA:615,72,0,0
BRDA:615,72,1,0
BRDA:618,73,0,0
BRDA:618,73,1,0
BRDA:620,74,0,0
BRDA:620,74,1,0
BRDA:629,75,0,0
BRDA:629,75,1,0
BRDA:636,76,0,0
BRDA:636,76,1,0
BRDA:642,77,0,0
BRDA:642,77,1,0
BRDA:644,78,0,0
BRDA:644,78,1,0
BRDA:644,78,2,0
BRDA:645,79,0,0
BRDA:645,79,1,0
BRDA:645,79,2,0
BRDA:650,80,0,0
BRDA:650,80,1,0
BRDA:859,81,0,0
BRDA:859,81,1,0
BRDA:866,82,0,0
BRDA:866,82,1,0
BRDA:867,83,0,0
BRDA:867,83,1,0
BRDA:873,84,0,0
BRDA:873,84,1,0
BRDA:894,85,0,0
BRDA:894,85,1,0
BRDA:981,86,0,0
BRDA:981,86,1,0
BRDA:1187,87,0,0
BRDA:1187,87,1,0
BRDA:1201,88,0,0
BRDA:1201,88,1,0
BRDA:1208,89,0,0
BRDA:1208,89,1,0
BRDA:1209,90,0,0
BRDA:1209,90,1,0
BRDA:1218,91,0,0
BRDA:1218,91,1,0
BRDA:1224,92,0,0
BRDA:1224,92,1,0
BRDA:1224,93,0,0
BRDA:1224,93,1,0
BRDA:1225,94,0,0
BRDA:1225,94,1,0
BRDA:1225,94,2,0
BRDA:1226,95,0,0
BRDA:1226,95,1,0
BRDA:1230,96,0,0
BRDA:1230,96,1,0
BRDA:1230,97,0,0
BRDA:1230,97,1,0
BRDA:1230,98,0,0
BRDA:1230,98,1,0
BRDA:1241,99,0,0
BRDA:1241,99,1,0
BRDA:1256,100,0,0
BRDA:1256,100,1,0
BRDA:1258,101,0,0
BRDA:1258,101,1,0
BRDA:1262,102,0,0
BRDA:1262,102,1,0
BRDA:1263,103,0,0
BRDA:1263,103,1,0
BRDA:1264,104,0,0
BRDA:1264,104,1,0
BRDA:1267,105,0,0
BRDA:1267,105,1,0
BRDA:1272,106,0,0
BRDA:1272,106,1,0
BRDA:1278,107,0,0
BRDA:1278,107,1,0
BRDA:1278,108,0,0
BRDA:1278,108,1,0
BRDA:1279,109,0,0
BRDA:1279,109,1,0
BRDA:1279,109,2,0
BRDA:1280,110,0,0
BRDA:1280,110,1,0
BRDA:1284,111,0,0
BRDA:1284,111,1,0
BRDA:1284,112,0,0
BRDA:1284,112,1,0
BRDA:1284,113,0,0
BRDA:1284,113,1,0
BRDA:1300,114,0,0
BRDA:1300,114,1,0
BRDA:1316,115,0,0
BRDA:1316,115,1,0
BRDA:1320,116,0,0
BRDA:1320,116,1,0
BRDA:1321,117,0,0
BRDA:1321,117,1,0
BRDA:1324,118,0,0
BRDA:1324,118,1,0
BRDA:1329,119,0,0
BRDA:1329,119,1,0
BRDA:1330,120,0,0
BRDA:1330,120,1,0
BRDA:1330,121,0,0
BRDA:1330,121,1,0
BRDA:1335,122,0,0
BRDA:1335,122,1,0
BRDA:1336,123,0,0
BRDA:1336,123,1,0
BRDA:1336,124,0,0
BRDA:1336,124,1,0
BRDA:1337,125,0,0
BRDA:1337,125,1,0
BRDA:1337,125,2,0
BRDA:1338,126,0,0
BRDA:1338,126,1,0
BRDA:1342,127,0,0
BRDA:1342,127,1,0
BRDA:1342,128,0,0
BRDA:1342,128,1,0
BRDA:1342,129,0,0
BRDA:1342,129,1,0
BRDA:1366,130,0,1
BRDA:1366,130,1,9
BRDA:1369,131,0,1
BRDA:1369,131,1,0
BRDA:1372,132,0,9
BRDA:1372,132,1,0
BRF:259
BRH:70
end_of_record
TN:
SF:src/accessibilityLib.js
FN:24,getA11yValidator
FN:50,(anonymous_1)
FN:64,(anonymous_2)
FN:90,(anonymous_3)
FN:101,(anonymous_4)
FN:107,(anonymous_5)
FN:141,(anonymous_6)
FN:171,getAccessibilityError
FN:175,getAccessibilityTotalError
FN:182,resetErrorCounts
FN:187,generatelAccessibilityReport
FNF:11
FNH:6
FNDA:9,getA11yValidator
FNDA:0,(anonymous_1)
FNDA:0,(anonymous_2)
FNDA:0,(anonymous_3)
FNDA:0,(anonymous_4)
FNDA:0,(anonymous_5)
FNDA:1,(anonymous_6)
FNDA:2,getAccessibilityError
FNDA:2,getAccessibilityTotalError
FNDA:11,resetErrorCounts
FNDA:6,generatelAccessibilityReport
DA:1,2
DA:2,2
DA:3,2
DA:4,2
DA:5,2
DA:6,2
DA:8,2
DA:9,2
DA:12,2
DA:13,2
DA:25,9
DA:30,9
DA:33,9
DA:34,9
DA:35,0
DA:37,0
DA:39,0
DA:41,0
DA:46,9
DA:49,9
DA:50,9
DA:51,0
DA:54,9
DA:55,1
DA:59,8
DA:60,8
DA:61,8
DA:64,8
DA:66,0
DA:67,0
DA:68,0
DA:73,0
DA:84,0
DA:89,0
DA:90,0
DA:94,0
DA:99,0
DA:100,0
DA:101,0
DA:102,0
DA:107,0
DA:108,0
DA:109,0
DA:110,0
DA:111,0
DA:114,0
DA:115,0
DA:116,0
DA:117,0
DA:121,0
DA:122,0
DA:135,0
DA:137,0
DA:138,0
DA:142,1
DA:143,1
DA:147,8
DA:148,2
DA:149,2
DA:153,6
DA:154,0
DA:155,0
DA:159,6
DA:160,6
DA:161,6
DA:162,6
DA:165,6
DA:166,6
DA:168,6
DA:172,2
DA:176,2
DA:183,11
DA:184,11
DA:189,6
DA:190,6
DA:191,6
DA:193,6
DA:194,6
DA:195,6
DA:197,6
DA:198,6
DA:200,6
DA:201,6
DA:202,6
DA:205,6
DA:206,1
DA:208,6
DA:210,6
DA:211,6
DA:214,6
DA:220,6
DA:222,6
DA:225,2
LF:93
LH:60
BRDA:12,0,0,2
BRDA:12,0,1,2
BRDA:24,1,0,9
BRDA:25,2,0,9
BRDA:25,2,1,1
BRDA:27,3,0,9
BRDA:28,4,0,9
BRDA:29,5,0,9
BRDA:35,6,0,0
BRDA:35,6,1,0
BRDA:39,7,0,0
BRDA:39,7,1,0
BRDA:39,8,0,0
BRDA:39,8,1,0
BRDA:39,8,2,0
BRDA:54,9,0,1
BRDA:54,9,1,8
BRDA:59,10,0,8
BRDA:59,10,1,0
BRDA:60,11,0,8
BRDA:60,11,1,0
BRDA:61,12,0,8
BRDA:61,12,1,8
BRDA:68,13,0,0
BRDA:68,13,1,0
BRDA:84,14,0,0
BRDA:84,14,1,0
BRDA:84,15,0,0
BRDA:84,15,1,0
BRDA:84,15,2,0
BRDA:89,16,0,0
BRDA:89,16,1,0
BRDA:89,17,0,0
BRDA:89,17,1,0
BRDA:99,18,0,0
BRDA:99,18,1,0
BRDA:99,19,0,0
BRDA:99,19,1,0
BRDA:108,20,0,0
BRDA:108,20,1,0
BRDA:110,21,0,0
BRDA:110,21,1,0
BRDA:114,22,0,0
BRDA:114,22,1,0
BRDA:123,23,0,0
BRDA:123,23,1,0
BRDA:124,24,0,0
BRDA:124,24,1,0
BRDA:125,25,0,0
BRDA:125,25,1,0
BRDA:126,26,0,0
BRDA:126,26,1,0
BRDA:127,27,0,0
BRDA:127,27,1,0
BRDA:128,28,0,0
BRDA:128,28,1,0
BRDA:129,29,0,0
BRDA:129,29,1,0
BRDA:130,30,0,0
BRDA:130,30,1,0
BRDA:131,31,0,0
BRDA:131,31,1,0
BRDA:132,32,0,0
BRDA:132,32,1,0
BRDA:147,33,0,2
BRDA:147,33,1,6
BRDA:153,34,0,0
BRDA:153,34,1,6
BRDA:165,35,0,6
BRDA:165,35,1,0
BRDA:165,36,0,6
BRDA:165,36,1,0
BRDA:189,37,0,6
BRDA:189,37,1,0
BRDA:190,38,0,6
BRDA:190,38,1,0
BRDA:191,39,0,6
BRDA:191,39,1,0
BRDA:205,40,0,1
BRDA:205,40,1,5
BRF:80
BRH:24
end_of_record
TN:
SF:src/run-a11y-test-with-auth.js
FN:24,(anonymous_0)
FN:36,runAccessibilityTestWithAuth
FN:125,(anonymous_2)
FN:152,(anonymous_3)
FN:156,(anonymous_4)
FNF:5
FNH:2
FNDA:1,(anonymous_0)
FNDA:1,runAccessibilityTestWithAuth
FNDA:0,(anonymous_2)
FNDA:0,(anonymous_3)
FNDA:0,(anonymous_4)
DA:8,1
DA:9,1
DA:10,1
DA:12,1
DA:24,1
DA:25,1
DA:26,1
DA:27,1
DA:30,1
DA:33,1
DA:37,1
DA:38,1
DA:39,1
DA:40,1
DA:42,1
DA:43,1
DA:44,1
DA:45,1
DA:46,1
DA:47,1
DA:48,1
DA:50,1
DA:54,1
DA:55,1
DA:57,1
DA:58,1
DA:60,1
DA:61,1
DA:62,1
DA:63,1
DA:65,0
DA:66,0
DA:68,0
DA:72,1
DA:99,1
DA:100,0
DA:104,1
DA:115,1
DA:116,1
DA:117,1
DA:118,1
DA:119,1
DA:120,1
DA:121,1
DA:123,1
DA:124,0
DA:125,0
DA:126,0
DA:127,0
DA:128,0
DA:133,1
DA:134,1
DA:137,0
DA:138,0
DA:139,0
DA:140,0
DA:142,0
DA:144,1
DA:145,1
DA:150,1
DA:151,0
DA:153,0
DA:154,0
DA:157,0
DA:161,1
LF:65
LH:47
BRDA:14,0,0,1
BRDA:14,0,1,1
BRDA:25,1,0,1
BRDA:25,1,1,0
BRDA:28,2,0,1
BRDA:28,2,1,1
BRDA:31,3,0,1
BRDA:31,3,1,1
BRDA:37,4,0,1
BRDA:37,4,1,0
BRDA:38,5,0,1
BRDA:38,5,1,0
BRDA:39,6,0,1
BRDA:39,6,1,0
BRDA:40,7,0,1
BRDA:40,7,1,0
BRDA:46,8,0,1
BRDA:46,8,1,0
BRDA:48,9,0,1
BRDA:48,9,1,0
BRDA:65,10,0,0
BRDA:65,10,1,0
BRDA:65,11,0,0
BRDA:65,11,1,0
BRDA:72,12,0,1
BRDA:72,12,1,0
BRDA:99,13,0,0
BRDA:99,13,1,1
BRDA:99,14,0,1
BRDA:99,14,1,0
BRDA:99,14,2,0
BRDA:123,15,0,0
BRDA:123,15,1,1
BRDA:127,16,0,0
BRDA:127,16,1,0
BRDA:138,17,0,0
BRDA:138,17,1,0
BRDA:144,18,0,1
BRDA:144,18,1,0
BRDA:150,19,0,0
BRDA:150,19,1,1
BRF:41
BRH:19
end_of_record
TN:
SF:src/run-a11y-test.js
FN:149,(anonymous_0)
FN:165,(anonymous_1)
FN:184,(anonymous_2)
FN:190,(anonymous_3)
FN:192,(anonymous_4)
FN:209,(anonymous_5)
FN:230,(anonymous_6)
FN:242,(anonymous_7)
FN:255,(anonymous_8)
FN:268,(anonymous_9)
FN:315,(anonymous_10)
FN:319,(anonymous_11)
FN:323,(anonymous_12)
FN:334,(anonymous_13)
FN:345,(anonymous_14)
FN:348,(anonymous_15)
FN:349,(anonymous_16)
FN:350,(anonymous_17)
FN:352,(anonymous_18)
FN:356,(anonymous_19)
FN:372,(anonymous_20)
FN:374,(anonymous_21)
FN:384,(anonymous_22)
FN:427,(anonymous_23)
FN:435,(anonymous_24)
FN:449,(anonymous_25)
FN:458,(anonymous_26)
FN:459,(anonymous_27)
FN:466,(anonymous_28)
FN:467,(anonymous_29)
FN:470,(anonymous_30)
FN:478,(anonymous_31)
FN:485,(anonymous_32)
FN:486,(anonymous_33)
FN:510,(anonymous_34)
FN:511,(anonymous_35)
FN:514,(anonymous_36)
FN:527,(anonymous_37)
FN:537,(anonymous_38)
FN:539,(anonymous_39)
FN:551,(anonymous_40)
FN:560,(anonymous_41)
FN:562,(anonymous_42)
FN:584,runAccessibilityTest
FN:668,(anonymous_44)
FN:761,(anonymous_45)
FN:800,(anonymous_46)
FN:837,(anonymous_47)
FN:883,(anonymous_48)
FN:887,(anonymous_49)
FNF:50
FNH:15
FNDA:1,(anonymous_0)
FNDA:0,(anonymous_1)
FNDA:0,(anonymous_2)
FNDA:4,(anonymous_3)
FNDA:0,(anonymous_4)
FNDA:12,(anonymous_5)
FNDA:0,(anonymous_6)
FNDA:12,(anonymous_7)
FNDA:0,(anonymous_8)
FNDA:0,(anonymous_9)
FNDA:0,(anonymous_10)
FNDA:0,(anonymous_11)
FNDA:0,(anonymous_12)
FNDA:0,(anonymous_13)
FNDA:1,(anonymous_14)
FNDA:5,(anonymous_15)
FNDA:5,(anonymous_16)
FNDA:2,(anonymous_17)
FNDA:2,(anonymous_18)
FNDA:5,(anonymous_19)
FNDA:12,(anonymous_20)
FNDA:6,(anonymous_21)
FNDA:2,(anonymous_22)
FNDA:2,(anonymous_23)
FNDA:6,(anonymous_24)
FNDA:0,(anonymous_25)
FNDA:0,(anonymous_26)
FNDA:0,(anonymous_27)
FNDA:0,(anonymous_28)
FNDA:0,(anonymous_29)
FNDA:0,(anonymous_30)
FNDA:0,(anonymous_31)
FNDA:0,(anonymous_32)
FNDA:0,(anonymous_33)
FNDA:0,(anonymous_34)
FNDA:0,(anonymous_35)
FNDA:0,(anonymous_36)
FNDA:0,(anonymous_37)
FNDA:0,(anonymous_38)
FNDA:0,(anonymous_39)
FNDA:0,(anonymous_40)
FNDA:0,(anonymous_41)
FNDA:0,(anonymous_42)
FNDA:0,runAccessibilityTest
FNDA:0,(anonymous_44)
FNDA:0,(anonymous_45)
FNDA:0,(anonymous_46)
FNDA:0,(anonymous_47)
FNDA:0,(anonymous_48)
FNDA:0,(anonymous_49)
DA:40,1
DA:41,1
DA:42,1
DA:43,1
DA:44,1
DA:45,1
DA:53,1
DA:54,1
DA:55,0
DA:56,0
DA:57,0
DA:58,0
DA:59,0
DA:60,0
DA:61,0
DA:62,0
DA:63,0
DA:64,0
DA:65,0
DA:72,1
DA:73,0
DA:76,1
DA:80,1
DA:81,1
DA:82,0
DA:83,0
DA:84,0
DA:89,1
DA:90,1
DA:91,1
DA:96,1
DA:97,1
DA:98,1
DA:99,1
DA:102,1
DA:104,1
DA:105,0
DA:106,0
DA:107,0
DA:108,0
DA:109,0
DA:112,1
DA:113,1
DA:114,1
DA:115,1
DA:118,0
DA:119,0
DA:120,0
DA:121,0
DA:122,0
DA:123,0
DA:124,0
DA:125,0
DA:126,0
DA:127,0
DA:129,0
DA:132,0
DA:138,1
DA:150,1
DA:151,1
DA:152,0
DA:155,1
DA:165,1
DA:167,0
DA:168,0
DA:171,0
DA:176,0
DA:181,0
DA:184,1
DA:185,0
DA:186,0
DA:187,0
DA:190,1
DA:191,4
DA:192,4
DA:193,4
DA:194,4
DA:200,4
DA:201,0
DA:203,4
DA:205,4
DA:209,1
DA:210,12
DA:211,12
DA:213,12
DA:214,12
DA:216,12
DA:218,12
DA:219,12
DA:221,12
DA:225,0
DA:227,12
DA:230,1
DA:231,0
DA:232,0
DA:233,0
DA:234,0
DA:235,0
DA:236,0
DA:239,0
DA:242,1
DA:243,12
DA:244,12
DA:245,12
DA:247,0
DA:248,0
DA:249,0
DA:251,0
DA:255,1
DA:256,0
DA:257,0
DA:258,0
DA:259,0
DA:264,0
DA:268,1
DA:269,0
DA:270,0
DA:271,0
DA:272,0
DA:274,0
DA:275,0
DA:277,0
DA:278,0
DA:279,0
DA:280,0
DA:282,0
DA:284,0
DA:287,0
DA:288,0
DA:289,0
DA:290,0
DA:293,0
DA:294,0
DA:295,0
DA:297,0
DA:298,0
DA:299,0
DA:300,0
DA:301,0
DA:304,0
DA:307,0
DA:308,0
DA:309,0
DA:312,0
DA:315,1
DA:316,0
DA:317,0
DA:319,0
DA:323,1
DA:324,0
DA:325,0
DA:326,0
DA:334,1
DA:335,0
DA:336,0
DA:337,0
DA:338,0
DA:345,1
DA:346,1
DA:347,1
DA:348,5
DA:349,5
DA:350,2
DA:352,2
DA:353,1
DA:356,1
DA:357,5
DA:358,5
DA:360,5
DA:361,10
DA:362,10
DA:363,10
DA:364,10
DA:369,5
DA:372,12
DA:374,1
DA:375,6
DA:376,6
DA:377,6
DA:378,6
DA:380,0
DA:384,1
DA:385,2
DA:386,0
DA:389,2
DA:390,2
DA:391,0
DA:392,0
DA:393,0
DA:394,0
DA:395,0
DA:397,0
DA:401,2
DA:403,0
DA:412,2
DA:413,2
DA:415,2
DA:416,4
DA:417,4
DA:418,4
DA:420,4
DA:421,4
DA:422,4
DA:423,4
DA:424,4
DA:426,4
DA:427,1
DA:428,2
DA:429,2
DA:432,1
DA:435,3
DA:436,6
DA:437,4
DA:441,0
DA:445,2
DA:446,2
DA:449,1
DA:450,0
DA:451,0
DA:453,0
DA:454,0
DA:455,0
DA:456,0
DA:457,0
DA:458,0
DA:459,0
DA:460,0
DA:463,0
DA:464,0
DA:466,0
DA:467,0
DA:470,0
DA:471,0
DA:472,0
DA:473,0
DA:477,0
DA:478,0
DA:479,0
DA:480,0
DA:485,0
DA:486,0
DA:487,0
DA:489,0
DA:490,0
DA:491,0
DA:492,0
DA:496,0
DA:498,0
DA:499,0
DA:501,0
DA:505,0
DA:508,0
DA:510,0
DA:511,0
DA:514,1
DA:515,0
DA:516,0
DA:517,0
DA:518,0
DA:519,0
DA:520,0
DA:521,0
DA:522,0
DA:526,0
DA:528,0
DA:531,0
DA:533,0
DA:534,0
DA:535,0
DA:537,0
DA:539,0
DA:542,0
DA:543,0
DA:544,0
DA:545,0
DA:548,0
DA:551,0
DA:553,0
DA:556,0
DA:557,0
DA:560,0
DA:562,0
DA:565,0
DA:569,0
DA:573,0
DA:575,0
DA:585,0
DA:586,0
DA:588,0
DA:589,0
DA:590,0
DA:591,0
DA:592,0
DA:593,0
DA:594,0
DA:595,0
DA:596,0
DA:597,0
DA:600,0
DA:601,0
DA:602,0
DA:603,0
DA:604,0
DA:605,0
DA:606,0
DA:609,0
DA:614,0
DA:616,0
DA:619,0
DA:620,0
DA:622,0
DA:623,0
DA:624,0
DA:625,0
DA:627,0
DA:628,0
DA:629,0
DA:631,0
DA:632,0
DA:634,0
DA:635,0
DA:636,0
DA:637,0
DA:638,0
DA:639,0
DA:640,0
DA:641,0
DA:644,0
DA:645,0
DA:646,0
DA:647,0
DA:648,0
DA:649,0
DA:650,0
DA:651,0
DA:652,0
DA:653,0
DA:654,0
DA:655,0
DA:656,0
DA:657,0
DA:658,0
DA:659,0
DA:661,0
DA:664,0
DA:666,0
DA:668,0
DA:669,0
DA:670,0
DA:671,0
DA:674,0
DA:675,0
DA:678,0
DA:679,0
DA:680,0
DA:681,0
DA:682,0
DA:683,0
DA:687,0
DA:690,0
DA:691,0
DA:694,0
DA:695,0
DA:699,0
DA:702,0
DA:710,0
DA:714,0
DA:725,0
DA:726,0
DA:727,0
DA:728,0
DA:729,0
DA:730,0
DA:731,0
DA:732,0
DA:735,0
DA:738,0
DA:739,0
DA:740,0
DA:741,0
DA:742,0
DA:746,0
DA:747,0
DA:748,0
DA:750,0
DA:753,0
DA:754,0
DA:755,0
DA:756,0
DA:761,0
DA:773,0
DA:774,0
DA:775,0
DA:778,0
DA:779,0
DA:780,0
DA:797,0
DA:798,0
DA:799,0
DA:800,0
DA:801,0
DA:802,0
DA:804,0
DA:807,0
DA:808,0
DA:814,0
DA:816,0
DA:818,0
DA:820,0
DA:823,0
DA:825,0
DA:826,0
DA:827,0
DA:829,0
DA:830,0
DA:835,0
DA:836,0
DA:837,0
DA:838,0
DA:839,0
DA:840,0
DA:842,0
DA:843,0
DA:848,0
DA:849,0
DA:853,0
DA:855,0
DA:860,0
DA:863,0
DA:864,0
DA:865,0
DA:866,0
DA:867,0
DA:869,0
DA:872,0
DA:873,0
DA:874,0
DA:875,0
DA:881,1
DA:882,0
DA:884,0
DA:885,0
DA:888,0
DA:889,0
DA:890,0
DA:892,0
DA:893,0
DA:894,0
DA:896,0
DA:900,1
LF:450
LH:112
BRDA:54,0,0,0
BRDA:54,0,1,1
BRDA:58,1,0,0
BRDA:58,1,1,0
BRDA:59,2,0,0
BRDA:59,2,1,0
BRDA:60,3,0,0
BRDA:60,3,1,0
BRDA:72,4,0,0
BRDA:72,4,1,1
BRDA:81,5,0,0
BRDA:81,5,1,1
BRDA:83,6,0,0
BRDA:83,6,1,0
BRDA:104,7,0,0
BRDA:104,7,1,1
BRDA:113,8,0,1
BRDA:113,8,1,0
BRDA:113,9,0,1
BRDA:113,9,1,1
BRDA:120,10,0,0
BRDA:120,10,1,0
BRDA:140,11,0,1
BRDA:140,11,1,1
BRDA:148,12,0,1
BRDA:148,12,1,0
BRDA:148,13,0,1
BRDA:148,13,1,1
BRDA:167,14,0,0
BRDA:167,14,1,0
BRDA:172,15,0,0
BRDA:172,15,1,0
BRDA:177,16,0,0
BRDA:177,16,1,0
BRDA:186,17,0,0
BRDA:186,17,1,0
BRDA:186,18,0,0
BRDA:186,18,1,0
BRDA:200,19,0,0
BRDA:200,19,1,4
BRDA:210,20,0,0
BRDA:210,20,1,12
BRDA:210,21,0,12
BRDA:210,21,1,12
BRDA:221,22,0,0
BRDA:221,22,1,12
BRDA:222,23,0,12
BRDA:222,23,1,0
BRDA:222,23,2,12
BRDA:222,23,3,0
BRDA:235,24,0,0
BRDA:235,24,1,0
BRDA:235,25,0,0
BRDA:235,25,1,0
BRDA:235,25,2,0
BRDA:239,26,0,0
BRDA:239,26,1,0
BRDA:247,27,0,0
BRDA:247,27,1,0
BRDA:248,28,0,0
BRDA:248,28,1,0
BRDA:258,29,0,0
BRDA:258,29,1,0
BRDA:277,30,0,0
BRDA:277,30,1,0
BRDA:278,31,0,0
BRDA:278,31,1,0
BRDA:278,32,0,0
BRDA:278,32,1,0
BRDA:287,33,0,0
BRDA:287,33,1,0
BRDA:287,34,0,0
BRDA:287,34,1,0
BRDA:293,35,0,0
BRDA:293,35,1,0
BRDA:293,36,0,0
BRDA:293,36,1,0
BRDA:293,36,2,0
BRDA:294,37,0,0
BRDA:294,37,1,0
BRDA:294,38,0,0
BRDA:294,38,1,0
BRDA:307,39,0,0
BRDA:307,39,1,0
BRDA:307,40,0,0
BRDA:307,40,1,0
BRDA:316,41,0,0
BRDA:316,41,1,0
BRDA:324,42,0,0
BRDA:324,42,1,0
BRDA:327,43,0,0
BRDA:327,43,1,0
BRDA:327,43,2,0
BRDA:327,43,3,0
BRDA:335,44,0,0
BRDA:335,44,1,0
BRDA:337,45,0,0
BRDA:337,45,1,0
BRDA:339,46,0,0
BRDA:339,46,1,0
BRDA:339,46,2,0
BRDA:362,47,0,0
BRDA:362,47,1,10
BRDA:378,48,0,6
BRDA:378,48,1,2
BRDA:384,49,0,0
BRDA:385,50,0,0
BRDA:385,50,1,2
BRDA:390,51,0,0
BRDA:390,51,1,2
BRDA:401,52,0,0
BRDA:401,52,1,2
BRDA:417,53,0,0
BRDA:417,53,1,4
BRDA:417,54,0,4
BRDA:417,54,1,4
BRDA:426,55,0,1
BRDA:426,55,1,3
BRDA:428,56,0,2
BRDA:428,56,1,0
BRDA:436,57,0,4
BRDA:436,57,1,2
BRDA:449,58,0,0
BRDA:453,59,0,0
BRDA:453,59,1,0
BRDA:455,60,0,0
BRDA:455,60,1,0
BRDA:457,61,0,0
BRDA:457,61,1,0
BRDA:472,62,0,0
BRDA:472,62,1,0
BRDA:472,63,0,0
BRDA:472,63,1,0
BRDA:477,64,0,0
BRDA:477,64,1,0
BRDA:477,65,0,0
BRDA:477,65,1,0
BRDA:479,66,0,0
BRDA:479,66,1,0
BRDA:487,67,0,0
BRDA:487,67,1,0
BRDA:491,68,0,0
BRDA:491,68,1,0
BRDA:491,69,0,0
BRDA:491,69,1,0
BRDA:492,70,0,0
BRDA:492,70,1,0
BRDA:493,71,0,0
BRDA:493,71,1,0
BRDA:493,71,2,0
BRDA:493,71,3,0
BRDA:493,71,4,0
BRDA:498,72,0,0
BRDA:498,72,1,0
BRDA:511,73,0,0
BRDA:511,73,1,0
BRDA:522,74,0,0
BRDA:522,74,1,0
BRDA:528,75,0,0
BRDA:528,75,1,0
BRDA:528,75,2,0
BRDA:531,76,0,0
BRDA:531,76,1,0
BRDA:531,76,2,0
BRDA:534,77,0,0
BRDA:534,77,1,0
BRDA:539,78,0,0
BRDA:539,78,1,0
BRDA:542,79,0,0
BRDA:542,79,1,0
BRDA:544,80,0,0
BRDA:544,80,1,0
BRDA:551,81,0,0
BRDA:551,81,1,0
BRDA:556,82,0,0
BRDA:556,82,1,0
BRDA:557,83,0,0
BRDA:557,83,1,0
BRDA:562,84,0,0
BRDA:562,84,1,0
BRDA:580,85,0,0
BRDA:580,85,1,0
BRDA:588,86,0,0
BRDA:588,86,1,0
BRDA:588,87,0,0
BRDA:588,87,1,0
BRDA:603,88,0,0
BRDA:603,88,1,0
BRDA:605,89,0,0
BRDA:605,89,1,0
BRDA:627,90,0,0
BRDA:627,90,1,0
BRDA:628,91,0,0
BRDA:628,91,1,0
BRDA:629,92,0,0
BRDA:629,92,1,0
BRDA:629,92,2,0
BRDA:631,93,0,0
BRDA:631,93,1,0
BRDA:631,94,0,0
BRDA:631,94,1,0
BRDA:634,95,0,0
BRDA:634,95,1,0
BRDA:674,96,0,0
BRDA:674,96,1,0
BRDA:674,97,0,0
BRDA:674,97,1,0
BRDA:687,98,0,0
BRDA:687,98,1,0
BRDA:687,99,0,0
BRDA:687,99,1,0
BRDA:690,100,0,0
BRDA:690,100,1,0
BRDA:690,101,0,0
BRDA:690,101,1,0
BRDA:694,102,0,0
BRDA:694,102,1,0
BRDA:710,103,0,0
BRDA:710,103,1,0
BRDA:710,104,0,0
BRDA:710,104,1,0
BRDA:725,105,0,0
BRDA:725,105,1,0
BRDA:731,106,0,0
BRDA:731,106,1,0
BRDA:738,107,0,0
BRDA:738,107,1,0
BRDA:753,108,0,0
BRDA:753,108,1,0
BRDA:755,109,0,0
BRDA:755,109,1,0
BRDA:797,110,0,0
BRDA:797,110,1,0
BRDA:801,111,0,0
BRDA:801,111,1,0
BRDA:801,112,0,0
BRDA:801,112,1,0
BRDA:814,113,0,0
BRDA:814,113,1,0
BRDA:826,114,0,0
BRDA:826,114,1,0
BRDA:829,115,0,0
BRDA:829,115,1,0
BRDA:835,116,0,0
BRDA:835,116,1,0
BRDA:839,117,0,0
BRDA:839,117,1,0
BRDA:842,118,0,0
BRDA:842,118,1,0
BRDA:848,119,0,0
BRDA:848,119,1,0
BRDA:865,120,0,0
BRDA:865,120,1,0
BRDA:872,121,0,0
BRDA:872,121,1,0
BRDA:881,122,0,0
BRDA:881,122,1,1
BRDA:889,123,0,0
BRDA:889,123,1,0
BRDA:892,124,0,0
BRDA:892,124,1,0
BRF:261
BRH:34
end_of_record
TN:
SF:src/urlCrawler.js
FN:13,normalizeUrl
FN:49,discoverPageLinks
FN:76,(anonymous_2)
FN:78,(anonymous_3)
FN:88,(anonymous_4)
FN:92,(anonymous_5)
FN:93,(anonymous_6)
FN:115,(anonymous_7)
FN:167,(anonymous_8)
FN:185,(anonymous_9)
FN:186,(anonymous_10)
FN:201,(anonymous_11)
FN:227,authenticate
FN:255,(anonymous_13)
FN:256,(anonymous_14)
FN:311,(anonymous_15)
FN:332,isPrivatePage
FN:338,(anonymous_17)
FN:348,(anonymous_18)
FN:352,(anonymous_19)
FN:367,isNonHtmlResource
FN:389,(anonymous_21)
FN:398,getBaseDomain
FN:433,isSameDomain
FN:474,crawlWebsite
FN:531,(anonymous_25)
FN:543,(anonymous_26)
FN:579,(anonymous_27)
FN:580,(anonymous_28)
FN:606,(anonymous_29)
FN:608,(anonymous_30)
FN:725,(anonymous_31)
FN:726,(anonymous_32)
FN:876,(anonymous_33)
FN:876,(anonymous_34)
FN:883,(anonymous_35)
FN:894,(anonymous_36)
FN:894,(anonymous_37)
FN:908,(anonymous_38)
FN:959,isValidUrl
FNF:40
FNH:24
FNDA:43,normalizeUrl
FNDA:9,discoverPageLinks
FNDA:0,(anonymous_2)
FNDA:0,(anonymous_3)
FNDA:0,(anonymous_4)
FNDA:8,(anonymous_5)
FNDA:0,(anonymous_6)
FNDA:21,(anonymous_7)
FNDA:21,(anonymous_8)
FNDA:18,(anonymous_9)
FNDA:18,(anonymous_10)
FNDA:15,(anonymous_11)
FNDA:0,authenticate
FNDA:0,(anonymous_13)
FNDA:0,(anonymous_14)
FNDA:0,(anonymous_15)
FNDA:0,isPrivatePage
FNDA:0,(anonymous_17)
FNDA:0,(anonymous_18)
FNDA:0,(anonymous_19)
FNDA:36,isNonHtmlResource
FNDA:1512,(anonymous_21)
FNDA:107,getBaseDomain
FNDA:102,isSameDomain
FNDA:6,crawlWebsite
FNDA:6,(anonymous_25)
FNDA:4,(anonymous_26)
FNDA:9,(anonymous_27)
FNDA:0,(anonymous_28)
FNDA:0,(anonymous_29)
FNDA:0,(anonymous_30)
FNDA:5,(anonymous_31)
FNDA:0,(anonymous_32)
FNDA:1,(anonymous_33)
FNDA:1,(anonymous_34)
FNDA:8,(anonymous_35)
FNDA:3,(anonymous_36)
FNDA:7,(anonymous_37)
FNDA:8,(anonymous_38)
FNDA:8,isValidUrl
DA:14,43
DA:16,43
DA:17,43
DA:18,43
DA:22,43
DA:23,0
DA:27,43
DA:30,0
DA:32,0
DA:34,0
DA:35,0
DA:36,0
DA:39,0
DA:50,9
DA:51,1
DA:54,8
DA:57,8
DA:58,8
DA:60,0
DA:65,0
DA:67,0
DA:70,8
DA:73,8
DA:74,8
DA:76,8
DA:77,0
DA:78,0
DA:79,0
DA:80,0
DA:83,0
DA:84,0
DA:86,0
DA:88,0
DA:92,8
DA:93,8
DA:96,8
DA:98,0
DA:104,0
DA:107,0
DA:108,0
DA:111,8
DA:114,8
DA:116,21
DA:118,21
DA:121,18
DA:122,0
DA:126,18
DA:127,2
DA:131,16
DA:132,1
DA:136,15
DA:137,0
DA:140,15
DA:143,3
DA:145,3
DA:146,3
DA:148,0
DA:152,3
DA:153,0
DA:157,3
DA:158,0
DA:161,3
DA:163,0
DA:168,21
DA:171,18
DA:172,0
DA:176,18
DA:177,0
DA:180,18
DA:181,18
DA:185,18
DA:188,18
DA:189,18
DA:191,18
DA:193,0
DA:198,8
DA:201,8
DA:202,15
DA:203,15
DA:205,0
DA:209,8
DA:211,8
DA:213,0
DA:214,0
DA:228,0
DA:229,0
DA:232,0
DA:233,0
DA:236,0
DA:237,0
DA:240,0
DA:241,0
DA:242,0
DA:243,0
DA:247,0
DA:248,0
DA:249,0
DA:253,0
DA:254,0
DA:256,0
DA:257,0
DA:263,0
DA:270,0
DA:271,0
DA:274,0
DA:275,0
DA:276,0
DA:277,0
DA:280,0
DA:284,0
DA:285,0
DA:286,0
DA:287,0
DA:290,0
DA:294,0
DA:295,0
DA:296,0
DA:297,0
DA:300,0
DA:301,0
DA:302,0
DA:306,0
DA:310,0
DA:312,0
DA:313,0
DA:319,0
DA:320,0
DA:322,0
DA:323,0
DA:333,0
DA:334,0
DA:337,0
DA:338,0
DA:339,0
DA:341,0
DA:348,0
DA:352,0
DA:353,0
DA:356,0
DA:358,0
DA:368,36
DA:370,36
DA:371,36
DA:374,36
DA:389,1512
DA:399,107
DA:401,107
DA:402,107
DA:403,107
DA:406,107
DA:411,107
DA:414,0
DA:415,0
DA:416,0
DA:417,0
DA:422,0
DA:434,102
DA:436,102
DA:437,102
DA:440,102
DA:441,101
DA:447,1
DA:448,0
DA:451,1
DA:453,0
DA:482,6
DA:484,6
DA:485,1
DA:489,5
DA:490,5
DA:493,5
DA:494,0
DA:495,0
DA:496,0
DA:500,5
DA:502,5
DA:503,5
DA:504,5
DA:507,5
DA:510,5
DA:511,5
DA:513,5
DA:514,5
DA:515,0
DA:517,5
DA:519,5
DA:520,5
DA:521,5
DA:522,0
DA:525,5
DA:526,11
DA:530,11
DA:531,6
DA:535,11
DA:538,11
DA:539,0
DA:543,11
DA:544,4
DA:545,4
DA:546,4
DA:548,0
DA:552,11
DA:553,2
DA:556,9
DA:558,9
DA:559,9
DA:560,9
DA:561,9
DA:563,0
DA:564,0
DA:565,0
DA:566,0
DA:569,9
DA:570,0
DA:574,9
DA:576,9
DA:578,9
DA:579,9
DA:580,9
DA:582,9
DA:585,1
DA:591,0
DA:592,0
DA:593,0
DA:595,0
DA:597,0
DA:600,1
DA:604,8
DA:605,8
DA:607,0
DA:608,0
DA:609,0
DA:612,0
DA:617,0
DA:619,0
DA:629,0
DA:635,0
DA:636,0
DA:637,0
DA:640,0
DA:641,0
DA:642,0
DA:646,8
DA:647,0
DA:648,0
DA:649,0
DA:650,0
DA:651,0
DA:656,8
DA:657,0
DA:658,0
DA:659,0
DA:663,8
DA:664,0
DA:665,0
DA:666,0
DA:670,8
DA:671,8
DA:674,8
DA:675,4
DA:684,4
DA:685,0
DA:690,8
DA:692,4
DA:693,0
DA:701,4
DA:702,0
DA:705,4
DA:706,0
DA:711,8
DA:712,0
DA:714,8
DA:718,8
DA:719,5
DA:722,5
DA:723,5
DA:724,5
DA:725,5
DA:726,5
DA:729,5
DA:730,5
DA:732,0
DA:733,0
DA:734,0
DA:738,5
DA:739,0
DA:748,5
DA:749,5
DA:751,5
DA:753,9
DA:756,9
DA:757,0
DA:758,0
DA:762,9
DA:763,2
DA:765,2
DA:766,2
DA:768,2
DA:772,7
DA:773,0
DA:775,0
DA:776,0
DA:778,0
DA:781,7
DA:782,0
DA:786,7
DA:788,7
DA:789,0
DA:790,0
DA:794,7
DA:795,7
DA:798,0
DA:799,0
DA:803,7
DA:804,5
DA:814,7
DA:815,7
DA:817,7
DA:818,7
DA:822,5
DA:823,5
DA:824,0
DA:826,5
DA:831,8
DA:832,0
DA:842,1
DA:849,0
DA:850,0
DA:851,0
DA:852,0
DA:854,0
DA:856,0
DA:860,1
DA:862,1
DA:867,5
DA:868,5
DA:869,5
DA:872,5
DA:873,1
DA:874,1
DA:875,1
DA:876,1
DA:879,5
DA:882,5
DA:883,5
DA:884,8
DA:885,8
DA:886,8
DA:887,7
DA:889,8
DA:893,5
DA:894,5
DA:895,7
DA:898,5
DA:899,5
DA:900,5
DA:903,5
DA:904,5
DA:905,5
DA:906,5
DA:908,5
DA:910,8
DA:911,0
DA:912,0
DA:913,0
DA:917,8
DA:918,0
DA:919,0
DA:920,0
DA:923,8
DA:924,8
DA:925,8
DA:929,5
DA:930,0
DA:931,0
DA:934,5
DA:935,0
DA:936,0
DA:939,5
DA:940,5
DA:941,5
DA:942,5
DA:945,5
DA:960,8
DA:961,8
DA:962,5
DA:964,3
DA:968,2
LF:388
LH:212
BRDA:14,0,0,0
BRDA:14,0,1,43
BRDA:22,1,0,0
BRDA:22,1,1,43
BRDA:22,2,0,43
BRDA:22,2,1,33
BRDA:32,3,0,0
BRDA:32,3,1,0
BRDA:32,4,0,0
BRDA:32,4,1,0
BRDA:35,5,0,0
BRDA:35,5,1,0
BRDA:50,6,0,1
BRDA:50,6,1,8
BRDA:60,7,0,0
BRDA:60,7,1,0
BRDA:60,8,0,0
BRDA:60,8,1,0
BRDA:60,8,2,0
BRDA:60,8,3,0
BRDA:70,9,0,8
BRDA:70,9,1,0
BRDA:80,10,0,0
BRDA:80,10,1,0
BRDA:80,11,0,0
BRDA:80,11,1,0
BRDA:88,12,0,0
BRDA:88,12,1,0
BRDA:98,13,0,0
BRDA:98,13,1,0
BRDA:98,14,0,0
BRDA:98,14,1,0
BRDA:98,14,2,0
BRDA:98,14,3,0
BRDA:98,14,4,0
BRDA:121,15,0,0
BRDA:121,15,1,18
BRDA:121,16,0,18
BRDA:121,16,1,1
BRDA:121,16,2,0
BRDA:126,17,0,2
BRDA:126,17,1,16
BRDA:131,18,0,1
BRDA:131,18,1,15
BRDA:136,19,0,0
BRDA:136,19,1,15
BRDA:145,20,0,3
BRDA:145,20,1,0
BRDA:152,21,0,0
BRDA:152,21,1,3
BRDA:157,22,0,0
BRDA:157,22,1,3
BRDA:168,23,0,3
BRDA:168,23,1,18
BRDA:171,24,0,0
BRDA:171,24,1,18
BRDA:176,25,0,0
BRDA:176,25,1,18
BRDA:181,26,0,18
BRDA:181,26,1,18
BRDA:181,26,2,18
BRDA:188,27,0,0
BRDA:188,27,1,18
BRDA:227,28,0,0
BRDA:228,29,0,0
BRDA:228,29,1,0
BRDA:232,30,0,0
BRDA:232,30,1,0
BRDA:232,31,0,0
BRDA:232,31,1,0
BRDA:240,32,0,0
BRDA:240,32,1,0
BRDA:247,33,0,0
BRDA:247,33,1,0
BRDA:263,34,0,0
BRDA:263,34,1,0
BRDA:270,35,0,0
BRDA:270,35,1,0
BRDA:276,36,0,0
BRDA:276,36,1,0
BRDA:286,37,0,0
BRDA:286,37,1,0
BRDA:296,38,0,0
BRDA:296,38,1,0
BRDA:301,39,0,0
BRDA:301,39,1,0
BRDA:332,40,0,0
BRDA:333,41,0,0
BRDA:333,41,1,0
BRDA:353,42,0,0
BRDA:353,42,1,0
BRDA:353,42,2,0
BRDA:368,43,0,0
BRDA:368,43,1,36
BRDA:399,44,0,0
BRDA:399,44,1,107
BRDA:416,45,0,0
BRDA:416,45,1,0
BRDA:416,46,0,0
BRDA:416,46,1,0
BRDA:434,47,0,0
BRDA:434,47,1,102
BRDA:434,48,0,102
BRDA:434,48,1,102
BRDA:440,49,0,101
BRDA:440,49,1,1
BRDA:447,50,0,0
BRDA:447,50,1,1
BRDA:474,51,0,1
BRDA:476,52,0,1
BRDA:477,53,0,1
BRDA:478,54,0,5
BRDA:479,55,0,6
BRDA:480,56,0,6
BRDA:481,57,0,6
BRDA:484,58,0,1
BRDA:484,58,1,5
BRDA:493,59,0,0
BRDA:493,59,1,5
BRDA:495,60,0,0
BRDA:495,60,1,0
BRDA:495,61,0,0
BRDA:495,61,1,0
BRDA:510,62,0,5
BRDA:510,62,1,5
BRDA:511,63,0,0
BRDA:511,63,1,5
BRDA:514,64,0,0
BRDA:514,64,1,5
BRDA:521,65,0,0
BRDA:521,65,1,5
BRDA:525,66,0,16
BRDA:525,66,1,12
BRDA:530,67,0,6
BRDA:530,67,1,5
BRDA:538,68,0,0
BRDA:538,68,1,11
BRDA:538,69,0,11
BRDA:538,69,1,11
BRDA:552,70,0,2
BRDA:552,70,1,9
BRDA:569,71,0,0
BRDA:569,71,1,9
BRDA:585,72,0,0
BRDA:585,72,1,1
BRDA:585,73,0,1
BRDA:585,73,1,1
BRDA:585,73,2,1
BRDA:585,73,3,1
BRDA:585,73,4,1
BRDA:612,74,0,0
BRDA:612,74,1,0
BRDA:612,75,0,0
BRDA:612,75,1,0
BRDA:612,75,2,0
BRDA:612,75,3,0
BRDA:629,76,0,0
BRDA:629,76,1,0
BRDA:629,77,0,0
BRDA:629,77,1,0
BRDA:629,77,2,0
BRDA:629,77,3,0
BRDA:629,77,4,0
BRDA:646,78,0,0
BRDA:646,78,1,8
BRDA:648,79,0,0
BRDA:648,79,1,0
BRDA:656,80,0,0
BRDA:656,80,1,8
BRDA:663,81,0,0
BRDA:663,81,1,8
BRDA:674,82,0,4
BRDA:674,82,1,4
BRDA:678,83,0,4
BRDA:678,83,1,4
BRDA:684,84,0,0
BRDA:684,84,1,4
BRDA:684,85,0,4
BRDA:684,85,1,4
BRDA:690,86,0,4
BRDA:690,86,1,4
BRDA:692,87,0,0
BRDA:692,87,1,4
BRDA:701,88,0,0
BRDA:701,88,1,4
BRDA:705,89,0,0
BRDA:705,89,1,4
BRDA:711,90,0,0
BRDA:711,90,1,8
BRDA:712,91,0,0
BRDA:712,91,1,0
BRDA:714,92,0,4
BRDA:714,92,1,4
BRDA:718,93,0,5
BRDA:718,93,1,3
BRDA:718,94,0,8
BRDA:718,94,1,7
BRDA:738,95,0,0
BRDA:738,95,1,5
BRDA:756,96,0,0
BRDA:756,96,1,9
BRDA:756,97,0,9
BRDA:756,97,1,9
BRDA:762,98,0,2
BRDA:762,98,1,7
BRDA:765,99,0,2
BRDA:765,99,1,0
BRDA:765,100,0,2
BRDA:765,100,1,2
BRDA:772,101,0,0
BRDA:772,101,1,7
BRDA:775,102,0,0
BRDA:775,102,1,0
BRDA:775,103,0,0
BRDA:775,103,1,0
BRDA:781,104,0,0
BRDA:781,104,1,7
BRDA:788,105,0,0
BRDA:788,105,1,7
BRDA:803,106,0,5
BRDA:803,106,1,2
BRDA:814,107,0,7
BRDA:814,107,1,0
BRDA:817,108,0,7
BRDA:817,108,1,0
BRDA:823,109,0,0
BRDA:823,109,1,5
BRDA:831,110,0,0
BRDA:831,110,1,8
BRDA:842,111,0,0
BRDA:842,111,1,1
BRDA:842,112,0,1
BRDA:842,112,1,1
BRDA:842,112,2,1
BRDA:842,112,3,1
BRDA:842,112,4,1
BRDA:842,112,5,1
BRDA:872,113,0,1
BRDA:872,113,1,4
BRDA:872,114,0,5
BRDA:872,114,1,5
BRDA:872,114,2,2
BRDA:885,115,0,8
BRDA:885,115,1,4
BRDA:886,116,0,7
BRDA:886,116,1,1
BRDA:910,117,0,0
BRDA:910,117,1,8
BRDA:917,118,0,0
BRDA:917,118,1,8
BRDA:924,119,0,8
BRDA:924,119,1,0
BRDA:929,120,0,0
BRDA:929,120,1,5
BRDA:934,121,0,0
BRDA:934,121,1,5
BRDA:940,122,0,5
BRDA:940,122,1,0
BRDA:940,123,0,5
BRDA:940,123,1,5
BRF:260
BRH:129
end_of_record
TN:
SF:utils/dateTime.js
FN:1,dateTime
FNF:1
FNH:1
FNDA:18,dateTime
DA:2,18
DA:3,18
DA:4,18
DA:5,18
DA:6,18
DA:7,18
DA:8,18
DA:9,18
DA:11,18
DA:12,1
DA:14,18
DA:15,17
DA:17,18
DA:18,1
DA:20,18
DA:21,1
DA:23,18
DA:24,17
DA:26,18
DA:27,2
DA:29,18
DA:32,4
LF:22
LH:22
BRDA:11,0,0,1
BRDA:11,0,1,17
BRDA:14,1,0,17
BRDA:14,1,1,1
BRDA:17,2,0,1
BRDA:17,2,1,17
BRDA:20,3,0,1
BRDA:20,3,1,17
BRDA:23,4,0,17
BRDA:23,4,1,1
BRDA:26,5,0,2
BRDA:26,5,1,16
BRF:12
BRH:12
end_of_record
